"../../../Engine/Content/EditorResources/S_Actor.uexp" 0
"../../../Engine/Content/EditorResources/S_Actor.ubulk" 1
"../../../Engine/Content/EditorResources/S_Actor.uasset" 2
"../../../Engine/Content/EditorResources/S_BoxReflectionCapture.uasset" 3
"../../../Engine/Content/EditorResources/S_BoxReflectionCapture.uexp" 4
"../../../Engine/Content/EngineResources/DefaultTexture.uasset" 5
"../../../Engine/Content/EngineResources/DefaultTexture.uexp" 6
"../../../Engine/Content/EngineResources/DefaultTexture.ubulk" 7
"../../../Engine/Content/EngineResources/DefaultTextureCube.uasset" 8
"../../../Engine/Content/EngineResources/DefaultTextureCube.uexp" 9
"../../../Engine/Content/EngineResources/DefaultVolumeTexture2D.uexp" 10
"../../../Engine/Content/EngineResources/DefaultVolumeTexture2D.uasset" 11
"../../../Engine/Content/EngineResources/DefaultVolumeTexture.uexp" 12
"../../../Engine/Content/EngineResources/DefaultVolumeTexture.uasset" 13
"../../../Engine/Content/EditorResources/S_Trigger.uexp" 14
"../../../Engine/Content/EditorResources/S_Trigger.ubulk" 15
"../../../Engine/Content/EditorResources/S_Trigger.uasset" 16
"../../../Engine/Content/EditorResources/S_TriggerBox.uexp" 17
"../../../Engine/Content/EditorResources/S_TriggerBox.uasset" 18
"../../../Engine/Content/EditorResources/S_TriggerCapsule.uexp" 19
"../../../Engine/Content/EditorResources/S_TriggerCapsule.uasset" 20
"../../../Engine/Content/EditorResources/S_TriggerSphere.uasset" 21
"../../../Engine/Content/EditorResources/S_TriggerSphere.uexp" 22
"../../../Engine/Content/EngineMeshes/Sphere.uexp" 23
"../../../Engine/Content/EngineMeshes/Sphere.ubulk" 24
"../../../Engine/Content/EngineMeshes/Sphere.uasset" 25
"../../../Engine/Content/EngineResources/GradientTexture0.uexp" 26
"../../../Engine/Content/EngineResources/GradientTexture0.uasset" 27
"../../../Engine/Content/EngineResources/Black.uasset" 28
"../../../Engine/Content/EngineResources/Black.uexp" 29
"../../../Engine/Content/EditorResources/S_Solver.uasset" 30
"../../../Engine/Content/EditorResources/S_Solver.uexp" 31
"../../../Engine/Content/EditorResources/S_Solver.ubulk" 32
"../../../Engine/Content/EditorMaterials/Camera/CineMat.uasset" 33
"../../../Engine/Content/EditorMaterials/Camera/CineMat.uexp" 34
"../../../Engine/Content/EditorMaterials/Camera/MI_CineMat_Rig.uasset" 35
"../../../Engine/Content/EditorMaterials/Camera/MI_CineMat_Rig.uexp" 36
"../../../Engine/Content/EditorMeshes/Camera/SM_CraneRig_Base.ubulk" 37
"../../../Engine/Content/EditorMeshes/Camera/SM_CraneRig_Base.uexp" 38
"../../../Engine/Content/EditorMeshes/Camera/SM_CraneRig_Base.uasset" 39
"../../../Engine/Content/EditorMeshes/Camera/SM_CraneRig_Arm.ubulk" 40
"../../../Engine/Content/EditorMeshes/Camera/SM_CraneRig_Arm.uexp" 41
"../../../Engine/Content/EditorMeshes/Camera/SM_CraneRig_Arm.uasset" 42
"../../../Engine/Content/EditorMeshes/Camera/SM_CraneRig_Mount.uexp" 43
"../../../Engine/Content/EditorMeshes/Camera/SM_CraneRig_Mount.ubulk" 44
"../../../Engine/Content/EditorMeshes/Camera/SM_CraneRig_Mount.uasset" 45
"../../../Engine/Content/EditorMeshes/Camera/SM_CraneRig_Body.ubulk" 46
"../../../Engine/Content/EditorMeshes/Camera/SM_CraneRig_Body.uasset" 47
"../../../Engine/Content/EditorMeshes/Camera/SM_CraneRig_Body.uexp" 48
"../../../Engine/Content/EditorMeshes/Camera/SM_RailRig_Track.uexp" 49
"../../../Engine/Content/EditorMeshes/Camera/SM_RailRig_Track.ubulk" 50
"../../../Engine/Content/EditorMeshes/Camera/SM_RailRig_Track.uasset" 51
"../../../Engine/Content/EditorMeshes/Camera/SM_RailRig_Mount.ubulk" 52
"../../../Engine/Content/EditorMeshes/Camera/SM_RailRig_Mount.uexp" 53
"../../../Engine/Content/EditorMeshes/Camera/SM_RailRig_Mount.uasset" 54
"../../../Engine/Content/EngineMaterials/T_Default_Material_Grid_M.uasset" 55
"../../../Engine/Content/EngineMaterials/T_Default_Material_Grid_M.ubulk" 56
"../../../Engine/Content/EngineMaterials/T_Default_Material_Grid_M.uexp" 57
"../../../Engine/Content/EngineMaterials/T_Default_Material_Grid_N.uasset" 58
"../../../Engine/Content/EngineMaterials/T_Default_Material_Grid_N.uexp" 59
"../../../Engine/Content/EngineMaterials/T_Default_Material_Grid_N.ubulk" 60
"../../../Engine/Content/Functions/Engine_MaterialFunctions01/Opacity/CameraDepthFade.uexp" 61
"../../../Engine/Content/Functions/Engine_MaterialFunctions01/Opacity/CameraDepthFade.uasset" 62
"../../../Engine/Content/EngineMaterials/WorldGridMaterial.uexp" 63
"../../../Engine/Content/EngineMaterials/WorldGridMaterial.uasset" 64
"../../../Engine/Content/ArtTools/RenderToTexture/Meshes/S_1_Unit_Plane.uexp" 65
"../../../Engine/Content/ArtTools/RenderToTexture/Meshes/S_1_Unit_Plane.ubulk" 66
"../../../Engine/Content/ArtTools/RenderToTexture/Meshes/S_1_Unit_Plane.uasset" 67
"../../../Engine/Content/VREditor/LaserPointer/VR_LaserPower_01.uexp" 68
"../../../Engine/Content/VREditor/LaserPointer/VR_LaserPower_01.ubulk" 69
"../../../Engine/Content/VREditor/LaserPointer/VR_LaserPower_01.uasset" 70
"../../../Engine/Content/VREditor/TransformGizmo/TransformGizmoMaterial.uasset" 71
"../../../Engine/Content/VREditor/TransformGizmo/TransformGizmoMaterial.uexp" 72
"../../../Engine/Content/VREditor/TransformGizmo/TranslucentTransformGizmoMaterial.uasset" 73
"../../../Engine/Content/VREditor/TransformGizmo/TranslucentTransformGizmoMaterial.uexp" 74
"../../../Engine/Content/VREditor/TransformGizmo/PlaneTranslationHandle.ubulk" 75
"../../../Engine/Content/VREditor/TransformGizmo/PlaneTranslationHandle.uasset" 76
"../../../Engine/Content/VREditor/TransformGizmo/PlaneTranslationHandle.uexp" 77
"../../../Engine/Content/VREditor/TransformGizmo/BoundingBoxCorner.ubulk" 78
"../../../Engine/Content/VREditor/TransformGizmo/BoundingBoxCorner.uasset" 79
"../../../Engine/Content/VREditor/TransformGizmo/BoundingBoxCorner.uexp" 80
"../../../Engine/Content/VREditor/TransformGizmo/BoundingBoxEdge.ubulk" 81
"../../../Engine/Content/VREditor/TransformGizmo/BoundingBoxEdge.uexp" 82
"../../../Engine/Content/VREditor/TransformGizmo/BoundingBoxEdge.uasset" 83
"../../../Engine/Content/VREditor/TransformGizmo/Main.uasset" 84
"../../../Engine/Content/VREditor/TransformGizmo/Main.uexp" 85
"../../../Engine/Content/VREditor/TransformGizmo/Xray.uexp" 86
"../../../Engine/Content/VREditor/TransformGizmo/Xray.uasset" 87
"../../../Engine/Content/VREditor/TransformGizmo/SM_Sequencer_Node.uexp" 88
"../../../Engine/Content/VREditor/TransformGizmo/SM_Sequencer_Node.ubulk" 89
"../../../Engine/Content/VREditor/TransformGizmo/SM_Sequencer_Node.uasset" 90
"../../../Engine/Content/EditorMaterials/ParticleSystems/PSysThumbnail_NoImage.ubulk" 91
"../../../Engine/Content/EditorMaterials/ParticleSystems/PSysThumbnail_NoImage.uexp" 92
"../../../Engine/Content/EditorMaterials/ParticleSystems/PSysThumbnail_NoImage.uasset" 93
"../../../Engine/Content/EditorMaterials/ParticleSystems/PSysThumbnail_OOD.ubulk" 94
"../../../Engine/Content/EditorMaterials/ParticleSystems/PSysThumbnail_OOD.uexp" 95
"../../../Engine/Content/EditorMaterials/ParticleSystems/PSysThumbnail_OOD.uasset" 96
"../../../Engine/Content/EditorLandscapeResources/SplineEditorMeshMat.uasset" 97
"../../../Engine/Content/EditorLandscapeResources/SplineEditorMeshMat.uexp" 98
"../../../Engine/Content/EditorLandscapeResources/SplineEditorMesh.uexp" 99
"../../../Engine/Content/EditorLandscapeResources/SplineEditorMesh.uasset" 100
"../../../Engine/Content/EditorLandscapeResources/SplineEditorMesh.ubulk" 101
"../../../Engine/Plugins/Media/MediaPlate/Content/SM_MediaPlateScreen.ubulk" 102
"../../../Engine/Plugins/Media/MediaPlate/Content/SM_MediaPlateScreen.uasset" 103
"../../../Engine/Plugins/Media/MediaPlate/Content/SM_MediaPlateScreen.uexp" 104
"../../../Engine/Content/EngineMaterials/Good64x64TilingNoiseHighFreq.uasset" 105
"../../../Engine/Content/EngineMaterials/Good64x64TilingNoiseHighFreq.uexp" 106
"../../../Engine/Content/EngineMaterials/DefaultBokeh.uexp" 107
"../../../Engine/Content/EngineMaterials/DefaultBokeh.uasset" 108
"../../../Engine/Content/EngineMaterials/PreintegratedSkinBRDF.uexp" 109
"../../../Engine/Content/EngineMaterials/PreintegratedSkinBRDF.uasset" 110
"../../../Engine/Content/EngineMaterials/MiniFont.uexp" 111
"../../../Engine/Content/EngineMaterials/MiniFont.uasset" 112
"../../../Engine/Content/EngineMaterials/WeightMapPlaceholderTexture.uasset" 113
"../../../Engine/Content/EngineMaterials/WeightMapPlaceholderTexture.uexp" 114
"../../../Engine/Content/EngineMaterials/DefaultWhiteGrid.ubulk" 115
"../../../Engine/Content/EngineMaterials/DefaultWhiteGrid.uexp" 116
"../../../Engine/Content/EngineMaterials/DefaultWhiteGrid.uasset" 117
"/Users/eliaselliot/Coding/ios_Sidescroller/Unreal/FroggyAdventures/Content/input/actions/IA_walk.uexp" 118
"/Users/eliaselliot/Coding/ios_Sidescroller/Unreal/FroggyAdventures/Content/input/actions/IA_walk.uasset" 119
"/Users/eliaselliot/Coding/ios_Sidescroller/Unreal/FroggyAdventures/Content/blueprints/BP_Camera_Manager.uexp" 120
"/Users/eliaselliot/Coding/ios_Sidescroller/Unreal/FroggyAdventures/Content/blueprints/BP_Camera_Manager.uasset" 121
"/Users/eliaselliot/Coding/ios_Sidescroller/Unreal/FroggyAdventures/Content/Assets/SFX/Jump.uasset" 122
"/Users/eliaselliot/Coding/ios_Sidescroller/Unreal/FroggyAdventures/Content/Assets/SFX/Jump.uexp" 123
"/Users/eliaselliot/Coding/ios_Sidescroller/Unreal/FroggyAdventures/Content/Assets/SFX/Jump.ubulk" 124
"/Users/eliaselliot/Coding/ios_Sidescroller/Unreal/FroggyAdventures/Content/input/actions/IA_jump.uexp" 125
"/Users/eliaselliot/Coding/ios_Sidescroller/Unreal/FroggyAdventures/Content/input/actions/IA_jump.uasset" 126
"/Users/eliaselliot/Coding/ios_Sidescroller/Unreal/FroggyAdventures/Content/input/actions/IA_enter.uasset" 127
"/Users/eliaselliot/Coding/ios_Sidescroller/Unreal/FroggyAdventures/Content/input/actions/IA_enter.uexp" 128
"/Users/eliaselliot/Coding/ios_Sidescroller/Unreal/FroggyAdventures/Content/input/IMC_Froggy.uexp" 129
"/Users/eliaselliot/Coding/ios_Sidescroller/Unreal/FroggyAdventures/Content/input/IMC_Froggy.uasset" 130
"/Users/eliaselliot/Coding/ios_Sidescroller/Unreal/FroggyAdventures/Content/Assets/Enemies/cricket/circket.uexp" 131
"/Users/eliaselliot/Coding/ios_Sidescroller/Unreal/FroggyAdventures/Content/Assets/Enemies/cricket/circket.uasset" 132
"/Users/eliaselliot/Coding/ios_Sidescroller/Unreal/FroggyAdventures/Content/Assets/Enemies/cricket/circket_Sprite_0.uexp" 133
"/Users/eliaselliot/Coding/ios_Sidescroller/Unreal/FroggyAdventures/Content/Assets/Enemies/cricket/circket_Sprite_0.uasset" 134
"/Users/eliaselliot/Coding/ios_Sidescroller/Unreal/FroggyAdventures/Content/Assets/Enemies/cricket/circket_Sprite_1.uexp" 135
"/Users/eliaselliot/Coding/ios_Sidescroller/Unreal/FroggyAdventures/Content/Assets/Enemies/cricket/circket_Sprite_1.uasset" 136
"/Users/eliaselliot/Coding/ios_Sidescroller/Unreal/FroggyAdventures/Content/Assets/Enemies/cricket/circket_Sprite_2.uasset" 137
"/Users/eliaselliot/Coding/ios_Sidescroller/Unreal/FroggyAdventures/Content/Assets/Enemies/cricket/circket_Sprite_2.uexp" 138
"/Users/eliaselliot/Coding/ios_Sidescroller/Unreal/FroggyAdventures/Content/Assets/Enemies/cricket/circket_Sprite_3.uasset" 139
"/Users/eliaselliot/Coding/ios_Sidescroller/Unreal/FroggyAdventures/Content/Assets/Enemies/cricket/circket_Sprite_3.uexp" 140
"/Users/eliaselliot/Coding/ios_Sidescroller/Unreal/FroggyAdventures/Content/Assets/Enemies/cricket/circket_Sprite_4.uasset" 141
"/Users/eliaselliot/Coding/ios_Sidescroller/Unreal/FroggyAdventures/Content/Assets/Enemies/cricket/circket_Sprite_4.uexp" 142
"/Users/eliaselliot/Coding/ios_Sidescroller/Unreal/FroggyAdventures/Content/Assets/Enemies/cricket/circket_Sprite_5.uexp" 143
"/Users/eliaselliot/Coding/ios_Sidescroller/Unreal/FroggyAdventures/Content/Assets/Enemies/cricket/circket_Sprite_5.uasset" 144
"/Users/eliaselliot/Coding/ios_Sidescroller/Unreal/FroggyAdventures/Content/Assets/Enemies/cricket/circket_book.uexp" 145
"/Users/eliaselliot/Coding/ios_Sidescroller/Unreal/FroggyAdventures/Content/Assets/Enemies/cricket/circket_book.uasset" 146
"/Users/eliaselliot/Coding/ios_Sidescroller/Unreal/FroggyAdventures/Content/blueprints/Enemies/BP_Cricket_2.uexp" 147
"/Users/eliaselliot/Coding/ios_Sidescroller/Unreal/FroggyAdventures/Content/blueprints/Enemies/BP_Cricket_2.uasset" 148
"../../../Engine/Content/EditorBlueprintResources/StandardMacros.uasset" 149
"../../../Engine/Content/EditorBlueprintResources/StandardMacros.uexp" 150
"/Users/eliaselliot/Coding/ios_Sidescroller/Unreal/FroggyAdventures/Content/Assets/Frog/idle/Idle.uasset" 151
"/Users/eliaselliot/Coding/ios_Sidescroller/Unreal/FroggyAdventures/Content/Assets/Frog/idle/Idle.uexp" 152
"/Users/eliaselliot/Coding/ios_Sidescroller/Unreal/FroggyAdventures/Content/Assets/Frog/idle/Idle_Sprite_0.uasset" 153
"/Users/eliaselliot/Coding/ios_Sidescroller/Unreal/FroggyAdventures/Content/Assets/Frog/idle/Idle_Sprite_0.uexp" 154
"/Users/eliaselliot/Coding/ios_Sidescroller/Unreal/FroggyAdventures/Content/Assets/Frog/idle/Idle_Sprite_4.uexp" 155
"/Users/eliaselliot/Coding/ios_Sidescroller/Unreal/FroggyAdventures/Content/Assets/Frog/idle/Idle_Sprite_4.uasset" 156
"/Users/eliaselliot/Coding/ios_Sidescroller/Unreal/FroggyAdventures/Content/Assets/Frog/idle/Idle_Sprite_5.uexp" 157
"/Users/eliaselliot/Coding/ios_Sidescroller/Unreal/FroggyAdventures/Content/Assets/Frog/idle/Idle_Sprite_5.uasset" 158
"/Users/eliaselliot/Coding/ios_Sidescroller/Unreal/FroggyAdventures/Content/Assets/Frog/idle/Idle_Sprite_6.uasset" 159
"/Users/eliaselliot/Coding/ios_Sidescroller/Unreal/FroggyAdventures/Content/Assets/Frog/idle/Idle_Sprite_6.uexp" 160
"/Users/eliaselliot/Coding/ios_Sidescroller/Unreal/FroggyAdventures/Content/Assets/Frog/idle/FB_idle.uexp" 161
"/Users/eliaselliot/Coding/ios_Sidescroller/Unreal/FroggyAdventures/Content/Assets/Frog/idle/FB_idle.uasset" 162
"/Users/eliaselliot/Coding/ios_Sidescroller/Unreal/FroggyAdventures/Content/blueprints/Froggy/AS_Froggy.uasset" 163
"/Users/eliaselliot/Coding/ios_Sidescroller/Unreal/FroggyAdventures/Content/blueprints/Froggy/AS_Froggy.uexp" 164
"/Users/eliaselliot/Coding/ios_Sidescroller/Unreal/FroggyAdventures/Content/Assets/Frog/Enter/Enter.uexp" 165
"/Users/eliaselliot/Coding/ios_Sidescroller/Unreal/FroggyAdventures/Content/Assets/Frog/Enter/Enter.uasset" 166
"/Users/eliaselliot/Coding/ios_Sidescroller/Unreal/FroggyAdventures/Content/Assets/Frog/Enter/Enter_Sprite_1.uasset" 167
"/Users/eliaselliot/Coding/ios_Sidescroller/Unreal/FroggyAdventures/Content/Assets/Frog/Enter/Enter_Sprite_1.uexp" 168
"/Users/eliaselliot/Coding/ios_Sidescroller/Unreal/FroggyAdventures/Content/Assets/Frog/Enter/Enter_Sprite_2.uasset" 169
"/Users/eliaselliot/Coding/ios_Sidescroller/Unreal/FroggyAdventures/Content/Assets/Frog/Enter/Enter_Sprite_2.uexp" 170
"/Users/eliaselliot/Coding/ios_Sidescroller/Unreal/FroggyAdventures/Content/Assets/Frog/Enter/Enter_Sprite_3.uexp" 171
"/Users/eliaselliot/Coding/ios_Sidescroller/Unreal/FroggyAdventures/Content/Assets/Frog/Enter/Enter_Sprite_3.uasset" 172
"/Users/eliaselliot/Coding/ios_Sidescroller/Unreal/FroggyAdventures/Content/Assets/Frog/Enter/Enter_Sprite_4.uexp" 173
"/Users/eliaselliot/Coding/ios_Sidescroller/Unreal/FroggyAdventures/Content/Assets/Frog/Enter/Enter_Sprite_4.uasset" 174
"/Users/eliaselliot/Coding/ios_Sidescroller/Unreal/FroggyAdventures/Content/Assets/Frog/Enter/Enter_Sprite_5.uexp" 175
"/Users/eliaselliot/Coding/ios_Sidescroller/Unreal/FroggyAdventures/Content/Assets/Frog/Enter/Enter_Sprite_5.uasset" 176
"/Users/eliaselliot/Coding/ios_Sidescroller/Unreal/FroggyAdventures/Content/Assets/Frog/Enter/Enter_Sprite_6.uasset" 177
"/Users/eliaselliot/Coding/ios_Sidescroller/Unreal/FroggyAdventures/Content/Assets/Frog/Enter/Enter_Sprite_6.uexp" 178
"/Users/eliaselliot/Coding/ios_Sidescroller/Unreal/FroggyAdventures/Content/Assets/Frog/Enter/Enter_Sprite_7.uasset" 179
"/Users/eliaselliot/Coding/ios_Sidescroller/Unreal/FroggyAdventures/Content/Assets/Frog/Enter/Enter_Sprite_7.uexp" 180
"/Users/eliaselliot/Coding/ios_Sidescroller/Unreal/FroggyAdventures/Content/Assets/Frog/Enter/Enter_Sprite_8.uexp" 181
"/Users/eliaselliot/Coding/ios_Sidescroller/Unreal/FroggyAdventures/Content/Assets/Frog/Enter/Enter_Sprite_8.uasset" 182
"/Users/eliaselliot/Coding/ios_Sidescroller/Unreal/FroggyAdventures/Content/Assets/Frog/Enter/Enter_Sprite_9.uexp" 183
"/Users/eliaselliot/Coding/ios_Sidescroller/Unreal/FroggyAdventures/Content/Assets/Frog/Enter/Enter_Sprite_9.uasset" 184
"/Users/eliaselliot/Coding/ios_Sidescroller/Unreal/FroggyAdventures/Content/Assets/Frog/Enter/Enter_Sprite_10.uexp" 185
"/Users/eliaselliot/Coding/ios_Sidescroller/Unreal/FroggyAdventures/Content/Assets/Frog/Enter/Enter_Sprite_10.uasset" 186
"/Users/eliaselliot/Coding/ios_Sidescroller/Unreal/FroggyAdventures/Content/Assets/Frog/Enter/Enter_Sprite_11.uasset" 187
"/Users/eliaselliot/Coding/ios_Sidescroller/Unreal/FroggyAdventures/Content/Assets/Frog/Enter/Enter_Sprite_11.uexp" 188
"/Users/eliaselliot/Coding/ios_Sidescroller/Unreal/FroggyAdventures/Content/Assets/Frog/Enter/Enter_Sprite_12.uexp" 189
"/Users/eliaselliot/Coding/ios_Sidescroller/Unreal/FroggyAdventures/Content/Assets/Frog/Enter/Enter_Sprite_12.uasset" 190
"/Users/eliaselliot/Coding/ios_Sidescroller/Unreal/FroggyAdventures/Content/Assets/Frog/Enter/Enter1.uasset" 191
"/Users/eliaselliot/Coding/ios_Sidescroller/Unreal/FroggyAdventures/Content/Assets/Frog/Enter/Enter1.uexp" 192
"/Users/eliaselliot/Coding/ios_Sidescroller/Unreal/FroggyAdventures/Content/blueprints/Froggy/AnimSequences/Enter.uexp" 193
"/Users/eliaselliot/Coding/ios_Sidescroller/Unreal/FroggyAdventures/Content/blueprints/Froggy/AnimSequences/Enter.uasset" 194
"/Users/eliaselliot/Coding/ios_Sidescroller/Unreal/FroggyAdventures/Content/Assets/Frog/walk/Walk.uexp" 195
"/Users/eliaselliot/Coding/ios_Sidescroller/Unreal/FroggyAdventures/Content/Assets/Frog/walk/Walk.ubulk" 196
"/Users/eliaselliot/Coding/ios_Sidescroller/Unreal/FroggyAdventures/Content/Assets/Frog/walk/Walk.uasset" 197
"/Users/eliaselliot/Coding/ios_Sidescroller/Unreal/FroggyAdventures/Content/Assets/Frog/walk/Walk_Sprite_0.uasset" 198
"/Users/eliaselliot/Coding/ios_Sidescroller/Unreal/FroggyAdventures/Content/Assets/Frog/walk/Walk_Sprite_0.uexp" 199
"/Users/eliaselliot/Coding/ios_Sidescroller/Unreal/FroggyAdventures/Content/Assets/Frog/walk/Walk_Sprite_1.uexp" 200
"/Users/eliaselliot/Coding/ios_Sidescroller/Unreal/FroggyAdventures/Content/Assets/Frog/walk/Walk_Sprite_1.uasset" 201
"/Users/eliaselliot/Coding/ios_Sidescroller/Unreal/FroggyAdventures/Content/Assets/Frog/walk/Walk_Sprite_2.uasset" 202
"/Users/eliaselliot/Coding/ios_Sidescroller/Unreal/FroggyAdventures/Content/Assets/Frog/walk/Walk_Sprite_2.uexp" 203
"/Users/eliaselliot/Coding/ios_Sidescroller/Unreal/FroggyAdventures/Content/Assets/Frog/walk/Walk_Sprite_3.uexp" 204
"/Users/eliaselliot/Coding/ios_Sidescroller/Unreal/FroggyAdventures/Content/Assets/Frog/walk/Walk_Sprite_3.uasset" 205
"/Users/eliaselliot/Coding/ios_Sidescroller/Unreal/FroggyAdventures/Content/Assets/Frog/walk/Walk_Sprite_4.uasset" 206
"/Users/eliaselliot/Coding/ios_Sidescroller/Unreal/FroggyAdventures/Content/Assets/Frog/walk/Walk_Sprite_4.uexp" 207
"/Users/eliaselliot/Coding/ios_Sidescroller/Unreal/FroggyAdventures/Content/Assets/Frog/walk/Walk_Sprite_5.uasset" 208
"/Users/eliaselliot/Coding/ios_Sidescroller/Unreal/FroggyAdventures/Content/Assets/Frog/walk/Walk_Sprite_5.uexp" 209
"/Users/eliaselliot/Coding/ios_Sidescroller/Unreal/FroggyAdventures/Content/Assets/Frog/walk/Walk_Sprite_6.uexp" 210
"/Users/eliaselliot/Coding/ios_Sidescroller/Unreal/FroggyAdventures/Content/Assets/Frog/walk/Walk_Sprite_6.uasset" 211
"/Users/eliaselliot/Coding/ios_Sidescroller/Unreal/FroggyAdventures/Content/Assets/Frog/walk/Walk_Sprite_7.uexp" 212
"/Users/eliaselliot/Coding/ios_Sidescroller/Unreal/FroggyAdventures/Content/Assets/Frog/walk/Walk_Sprite_7.uasset" 213
"/Users/eliaselliot/Coding/ios_Sidescroller/Unreal/FroggyAdventures/Content/Assets/Frog/walk/FB_walk.uexp" 214
"/Users/eliaselliot/Coding/ios_Sidescroller/Unreal/FroggyAdventures/Content/Assets/Frog/walk/FB_walk.uasset" 215
"/Users/eliaselliot/Coding/ios_Sidescroller/Unreal/FroggyAdventures/Content/blueprints/Froggy/AnimSequences/Walk.uexp" 216
"/Users/eliaselliot/Coding/ios_Sidescroller/Unreal/FroggyAdventures/Content/blueprints/Froggy/AnimSequences/Walk.uasset" 217
"/Users/eliaselliot/Coding/ios_Sidescroller/Unreal/FroggyAdventures/Content/Assets/Frog/jump/jump.uexp" 218
"/Users/eliaselliot/Coding/ios_Sidescroller/Unreal/FroggyAdventures/Content/Assets/Frog/jump/jump.uasset" 219
"/Users/eliaselliot/Coding/ios_Sidescroller/Unreal/FroggyAdventures/Content/Assets/Frog/jump/jump_Sprite_0.uasset" 220
"/Users/eliaselliot/Coding/ios_Sidescroller/Unreal/FroggyAdventures/Content/Assets/Frog/jump/jump_Sprite_0.uexp" 221
"/Users/eliaselliot/Coding/ios_Sidescroller/Unreal/FroggyAdventures/Content/Assets/Frog/jump/FB_fall.uasset" 222
"/Users/eliaselliot/Coding/ios_Sidescroller/Unreal/FroggyAdventures/Content/Assets/Frog/jump/FB_fall.uexp" 223
"/Users/eliaselliot/Coding/ios_Sidescroller/Unreal/FroggyAdventures/Content/blueprints/Froggy/AnimSequences/Fall.uexp" 224
"/Users/eliaselliot/Coding/ios_Sidescroller/Unreal/FroggyAdventures/Content/blueprints/Froggy/AnimSequences/Fall.uasset" 225
"/Users/eliaselliot/Coding/ios_Sidescroller/Unreal/FroggyAdventures/Content/Assets/Frog/jump/jump_Sprite_1.uasset" 226
"/Users/eliaselliot/Coding/ios_Sidescroller/Unreal/FroggyAdventures/Content/Assets/Frog/jump/jump_Sprite_1.uexp" 227
"/Users/eliaselliot/Coding/ios_Sidescroller/Unreal/FroggyAdventures/Content/Assets/Frog/jump/jump_Sprite_2.uexp" 228
"/Users/eliaselliot/Coding/ios_Sidescroller/Unreal/FroggyAdventures/Content/Assets/Frog/jump/jump_Sprite_2.uasset" 229
"/Users/eliaselliot/Coding/ios_Sidescroller/Unreal/FroggyAdventures/Content/Assets/Frog/jump/FB_jump_2.uexp" 230
"/Users/eliaselliot/Coding/ios_Sidescroller/Unreal/FroggyAdventures/Content/Assets/Frog/jump/FB_jump_2.uasset" 231
"/Users/eliaselliot/Coding/ios_Sidescroller/Unreal/FroggyAdventures/Content/blueprints/Froggy/AnimSequences/doubleJump.uexp" 232
"/Users/eliaselliot/Coding/ios_Sidescroller/Unreal/FroggyAdventures/Content/blueprints/Froggy/AnimSequences/doubleJump.uasset" 233
"/Users/eliaselliot/Coding/ios_Sidescroller/Unreal/FroggyAdventures/Content/Assets/Frog/jump/FB_jump.uasset" 234
"/Users/eliaselliot/Coding/ios_Sidescroller/Unreal/FroggyAdventures/Content/Assets/Frog/jump/FB_jump.uexp" 235
"/Users/eliaselliot/Coding/ios_Sidescroller/Unreal/FroggyAdventures/Content/blueprints/Froggy/AnimSequences/Jump.uexp" 236
"/Users/eliaselliot/Coding/ios_Sidescroller/Unreal/FroggyAdventures/Content/blueprints/Froggy/AnimSequences/Jump.uasset" 237
"/Users/eliaselliot/Coding/ios_Sidescroller/Unreal/FroggyAdventures/Content/Assets/Frog/walk/JumpTrans_2.uexp" 238
"/Users/eliaselliot/Coding/ios_Sidescroller/Unreal/FroggyAdventures/Content/Assets/Frog/walk/JumpTrans_2.uasset" 239
"/Users/eliaselliot/Coding/ios_Sidescroller/Unreal/FroggyAdventures/Content/blueprints/Froggy/AnimSequences/JumpTrans.uexp" 240
"/Users/eliaselliot/Coding/ios_Sidescroller/Unreal/FroggyAdventures/Content/blueprints/Froggy/AnimSequences/JumpTrans.uasset" 241
"/Users/eliaselliot/Coding/ios_Sidescroller/Unreal/FroggyAdventures/Content/Assets/Frog/eat/Eat.uasset" 242
"/Users/eliaselliot/Coding/ios_Sidescroller/Unreal/FroggyAdventures/Content/Assets/Frog/eat/Eat.uexp" 243
"/Users/eliaselliot/Coding/ios_Sidescroller/Unreal/FroggyAdventures/Content/Assets/Frog/eat/Eat_Sprite_0.uasset" 244
"/Users/eliaselliot/Coding/ios_Sidescroller/Unreal/FroggyAdventures/Content/Assets/Frog/eat/Eat_Sprite_0.uexp" 245
"/Users/eliaselliot/Coding/ios_Sidescroller/Unreal/FroggyAdventures/Content/Assets/Frog/eat/Eat_Sprite_1.uasset" 246
"/Users/eliaselliot/Coding/ios_Sidescroller/Unreal/FroggyAdventures/Content/Assets/Frog/eat/Eat_Sprite_1.uexp" 247
"/Users/eliaselliot/Coding/ios_Sidescroller/Unreal/FroggyAdventures/Content/Assets/Frog/eat/Eat_Sprite_2.uexp" 248
"/Users/eliaselliot/Coding/ios_Sidescroller/Unreal/FroggyAdventures/Content/Assets/Frog/eat/Eat_Sprite_2.uasset" 249
"/Users/eliaselliot/Coding/ios_Sidescroller/Unreal/FroggyAdventures/Content/Assets/Frog/eat/Eat_Sprite_3.uexp" 250
"/Users/eliaselliot/Coding/ios_Sidescroller/Unreal/FroggyAdventures/Content/Assets/Frog/eat/Eat_Sprite_3.uasset" 251
"/Users/eliaselliot/Coding/ios_Sidescroller/Unreal/FroggyAdventures/Content/Assets/Frog/eat/Eat_Sprite_4.uexp" 252
"/Users/eliaselliot/Coding/ios_Sidescroller/Unreal/FroggyAdventures/Content/Assets/Frog/eat/Eat_Sprite_4.uasset" 253
"/Users/eliaselliot/Coding/ios_Sidescroller/Unreal/FroggyAdventures/Content/Assets/Frog/eat/Eat_Sprite_5.uexp" 254
"/Users/eliaselliot/Coding/ios_Sidescroller/Unreal/FroggyAdventures/Content/Assets/Frog/eat/Eat_Sprite_5.uasset" 255
"/Users/eliaselliot/Coding/ios_Sidescroller/Unreal/FroggyAdventures/Content/Assets/Frog/eat/Eat_Sprite_6.uexp" 256
"/Users/eliaselliot/Coding/ios_Sidescroller/Unreal/FroggyAdventures/Content/Assets/Frog/eat/Eat_Sprite_6.uasset" 257
"/Users/eliaselliot/Coding/ios_Sidescroller/Unreal/FroggyAdventures/Content/Assets/Frog/eat/FB_eat.uasset" 258
"/Users/eliaselliot/Coding/ios_Sidescroller/Unreal/FroggyAdventures/Content/Assets/Frog/eat/FB_eat.uexp" 259
"/Users/eliaselliot/Coding/ios_Sidescroller/Unreal/FroggyAdventures/Content/blueprints/Froggy/AnimSequences/Eat.uasset" 260
"/Users/eliaselliot/Coding/ios_Sidescroller/Unreal/FroggyAdventures/Content/blueprints/Froggy/AnimSequences/Eat.uexp" 261
"/Users/eliaselliot/Coding/ios_Sidescroller/Unreal/FroggyAdventures/Content/blueprints/Froggy/AnimSequences/Idle.uasset" 262
"/Users/eliaselliot/Coding/ios_Sidescroller/Unreal/FroggyAdventures/Content/blueprints/Froggy/AnimSequences/Idle.uexp" 263
"/Users/eliaselliot/Coding/ios_Sidescroller/Unreal/FroggyAdventures/Content/blueprints/Froggy/ABP_Froggy.uexp" 264
"/Users/eliaselliot/Coding/ios_Sidescroller/Unreal/FroggyAdventures/Content/blueprints/Froggy/ABP_Froggy.uasset" 265
"/Users/eliaselliot/Coding/ios_Sidescroller/Unreal/FroggyAdventures/Content/blueprints/Froggy/BP_Froggy.uexp" 266
"/Users/eliaselliot/Coding/ios_Sidescroller/Unreal/FroggyAdventures/Content/blueprints/Froggy/BP_Froggy.uasset" 267
"/Users/eliaselliot/Coding/ios_Sidescroller/Unreal/FroggyAdventures/Content/blueprints/GM_Base_froggy.uasset" 268
"/Users/eliaselliot/Coding/ios_Sidescroller/Unreal/FroggyAdventures/Content/blueprints/GM_Base_froggy.uexp" 269
"../../../Engine/Content/Animation/DefaultRecorderBoneCompression.uexp" 270
"../../../Engine/Content/Animation/DefaultRecorderBoneCompression.uasset" 271
"../../../Engine/Content/Animation/DefaultAnimBoneCompressionSettings.uasset" 272
"../../../Engine/Content/Animation/DefaultAnimBoneCompressionSettings.uexp" 273
"../../../Engine/Content/Animation/DefaultAnimCurveCompressionSettings.uasset" 274
"../../../Engine/Content/Animation/DefaultAnimCurveCompressionSettings.uexp" 275
"../../../Engine/Plugins/Interchange/Runtime/Content/Pipelines/DefaultSceneLevelPipeline.uexp" 276
"../../../Engine/Plugins/Interchange/Runtime/Content/Pipelines/DefaultSceneLevelPipeline.uasset" 277
"../../../Engine/Content/EngineMaterials/DefaultMaterial.uasset" 278
"../../../Engine/Content/EngineMaterials/DefaultMaterial.uexp" 279
"../../../Engine/Content/BasicShapes/Sphere.uexp" 280
"../../../Engine/Content/BasicShapes/Sphere.ubulk" 281
"../../../Engine/Content/BasicShapes/Sphere.uasset" 282
"../../../Engine/Content/BasicShapes/Plane.ubulk" 283
"../../../Engine/Content/BasicShapes/Plane.uasset" 284
"../../../Engine/Content/BasicShapes/Plane.uexp" 285
"../../../Engine/Content/BasicShapes/Cylinder.uasset" 286
"../../../Engine/Content/BasicShapes/Cylinder.ubulk" 287
"../../../Engine/Content/BasicShapes/Cylinder.uexp" 288
"../../../Engine/Content/BasicShapes/Cube.ubulk" 289
"../../../Engine/Content/BasicShapes/Cube.uasset" 290
"../../../Engine/Content/BasicShapes/Cube.uexp" 291
"../../../Engine/Content/BasicShapes/Cone.uasset" 292
"../../../Engine/Content/BasicShapes/Cone.uexp" 293
"../../../Engine/Content/BasicShapes/Cone.ubulk" 294
"../../../Engine/Content/EditorLandscapeResources/DefaultAlphaTexture.uexp" 295
"../../../Engine/Content/EditorLandscapeResources/DefaultAlphaTexture.uasset" 296
"../../../Engine/Content/EditorLandscapeResources/DataLayer.uasset" 297
"../../../Engine/Content/EditorLandscapeResources/DataLayer.uexp" 298
"../../../Engine/Content/EditorMaterials/PhAT_UnselectedMaterial.uexp" 299
"../../../Engine/Content/EditorMaterials/PhAT_UnselectedMaterial.uasset" 300
"../../../Engine/Content/EditorMaterials/PhAT_NoCollisionMaterial.uexp" 301
"../../../Engine/Content/EditorMaterials/PhAT_NoCollisionMaterial.uasset" 302
"../../../Engine/Content/EditorMaterials/PreviewShadowIndicator.uasset" 303
"../../../Engine/Content/EditorMaterials/PreviewShadowIndicator.uexp" 304
"../../../Engine/Content/EditorMaterials/PreviewShadowIndicator.ubulk" 305
"../../../Engine/Content/EditorMaterials/PreviewShadowIndicatorMaterial.uasset" 306
"../../../Engine/Content/EditorMaterials/PreviewShadowIndicatorMaterial.uexp" 307
"../../../Engine/Content/Functions/Engine_MaterialFunctions02/Utility/MakeFloat4.uexp" 308
"../../../Engine/Content/Functions/Engine_MaterialFunctions02/Utility/MakeFloat4.uasset" 309
"../../../Engine/Content/Functions/Engine_MaterialFunctions02/Utility/MakeFloat3.uexp" 310
"../../../Engine/Content/Functions/Engine_MaterialFunctions02/Utility/MakeFloat3.uasset" 311
"../../../Engine/Content/Functions/Engine_MaterialFunctions02/Utility/BreakOutFloat3Components.uasset" 312
"../../../Engine/Content/Functions/Engine_MaterialFunctions02/Utility/BreakOutFloat3Components.uexp" 313
"../../../Engine/Content/EditorMaterials/WorldPartition/WorldPartitionSpatialHashGridPreviewMaterial.uexp" 314
"../../../Engine/Content/EditorMaterials/WorldPartition/WorldPartitionSpatialHashGridPreviewMaterial.uasset" 315
"../../../Engine/Content/EditorResources/BSPVertex.uexp" 316
"../../../Engine/Content/EditorResources/BSPVertex.uasset" 317
"../../../Engine/Content/EditorResources/EmptyActor.uexp" 318
"../../../Engine/Content/EditorResources/EmptyActor.uasset" 319
"../../../Engine/Content/EditorResources/S_Terrain.uasset" 320
"../../../Engine/Content/EditorResources/S_Terrain.uexp" 321
"../../../Engine/Content/EditorResources/S_Terrain.ubulk" 322
"../../../Engine/Content/EditorResources/AudioIcons/S_AudioComponent_AutoActivate.uasset" 323
"../../../Engine/Content/EditorResources/AudioIcons/S_AudioComponent_AutoActivate.uexp" 324
"../../../Engine/Content/EditorResources/SequenceRecorder/RecordingIndicator.uexp" 325
"../../../Engine/Content/EditorResources/SequenceRecorder/RecordingIndicator.uasset" 326
"../../../Engine/Content/EditorResources/SequenceRecorder/Countdown.uasset" 327
"../../../Engine/Content/EditorResources/SequenceRecorder/Countdown.uexp" 328
"../../../Engine/Content/EngineDamageTypes/DmgTypeBP_Environmental.uasset" 329
"../../../Engine/Content/EngineDamageTypes/DmgTypeBP_Environmental.uexp" 330
"../../../Engine/Content/EngineDebugMaterials/DebugMeshMaterial.uexp" 331
"../../../Engine/Content/EngineDebugMaterials/DebugMeshMaterial.uasset" 332
"../../../Engine/Content/EngineDebugMaterials/M_SimpleUnlitTranslucent.uexp" 333
"../../../Engine/Content/EngineDebugMaterials/M_SimpleUnlitTranslucent.uasset" 334
"../../../Engine/Content/Functions/Engine_MaterialFunctions02/Utility/CameraDirectionVector.uexp" 335
"../../../Engine/Content/Functions/Engine_MaterialFunctions02/Utility/CameraDirectionVector.uasset" 336
"../../../Engine/Content/EngineDebugMaterials/VolumeToRender.uexp" 337
"../../../Engine/Content/EngineDebugMaterials/VolumeToRender.uasset" 338
"../../../Engine/Content/EngineDebugMaterials/M_VolumeRenderSphereTracePP.uexp" 339
"../../../Engine/Content/EngineDebugMaterials/M_VolumeRenderSphereTracePP.uasset" 340
"../../../Engine/Content/EngineDebugMaterials/DebugEditorMaterial.uasset" 341
"../../../Engine/Content/EngineDebugMaterials/DebugEditorMaterial.uexp" 342
"../../../Engine/Content/EngineFonts/Faces/RobotoLight.ufont" 343
"../../../Engine/Content/EngineFonts/Faces/RobotoLight.uasset" 344
"../../../Engine/Content/EngineFonts/Faces/RobotoLight.uexp" 345
"../../../Engine/Content/EngineFonts/Faces/RobotoBold.ufont" 346
"../../../Engine/Content/EngineFonts/Faces/RobotoBold.uasset" 347
"../../../Engine/Content/EngineFonts/Faces/RobotoBold.uexp" 348
"../../../Engine/Content/EngineFonts/Faces/RobotoRegular.uasset" 349
"../../../Engine/Content/EngineFonts/Faces/RobotoRegular.uexp" 350
"../../../Engine/Content/EngineFonts/Faces/RobotoRegular.ufont" 351
"../../../Engine/Content/EngineFonts/Faces/DroidSansFallback.uasset" 352
"../../../Engine/Content/EngineFonts/Faces/DroidSansFallback.ufont" 353
"../../../Engine/Content/EngineFonts/Faces/DroidSansFallback.uexp" 354
"../../../Engine/Content/EngineFonts/Faces/RobotoItalic.ufont" 355
"../../../Engine/Content/EngineFonts/Faces/RobotoItalic.uasset" 356
"../../../Engine/Content/EngineFonts/Faces/RobotoItalic.uexp" 357
"../../../Engine/Content/EngineFonts/Faces/RobotoBoldItalic.uasset" 358
"../../../Engine/Content/EngineFonts/Faces/RobotoBoldItalic.uexp" 359
"../../../Engine/Content/EngineFonts/Faces/RobotoBoldItalic.ufont" 360
"../../../Engine/Content/EngineFonts/Roboto.uasset" 361
"../../../Engine/Content/EngineFonts/Roboto.uexp" 362
"../../../Engine/Content/EngineMaterials/DefaultLightFunctionMaterial.uasset" 363
"../../../Engine/Content/EngineMaterials/DefaultLightFunctionMaterial.uexp" 364
"../../../Engine/Content/EngineMaterials/DefaultNormal.uasset" 365
"../../../Engine/Content/EngineMaterials/DefaultNormal.ubulk" 366
"../../../Engine/Content/EngineMaterials/DefaultNormal.uexp" 367
"../../../Engine/Plugins/Interchange/Runtime/Content/Materials/MapOrScalarFunction.uexp" 368
"../../../Engine/Plugins/Interchange/Runtime/Content/Materials/MapOrScalarFunction.uasset" 369
"../../../Engine/Plugins/Interchange/Runtime/Content/Materials/MapOrLinearColorFunction.uasset" 370
"../../../Engine/Plugins/Interchange/Runtime/Content/Materials/MapOrLinearColorFunction.uexp" 371
"../../../Engine/Plugins/Interchange/Runtime/Content/Materials/MapOrColorFunction.uexp" 372
"../../../Engine/Plugins/Interchange/Runtime/Content/Materials/MapOrColorFunction.uasset" 373
"../../../Engine/Content/EngineMaterials/BaseFlattenLinearColor.uasset" 374
"../../../Engine/Content/EngineMaterials/BaseFlattenLinearColor.uexp" 375
"../../../Engine/Plugins/Interchange/Runtime/Content/Materials/CommonMaterial.uasset" 376
"../../../Engine/Plugins/Interchange/Runtime/Content/Materials/CommonMaterial.uexp" 377
"../../../Engine/Plugins/Interchange/Runtime/Content/Materials/PBRSurfaceFunction.uasset" 378
"../../../Engine/Plugins/Interchange/Runtime/Content/Materials/PBRSurfaceFunction.uexp" 379
"../../../Engine/Plugins/Interchange/Runtime/Content/Materials/ThinTranslucentMaterial.uexp" 380
"../../../Engine/Plugins/Interchange/Runtime/Content/Materials/ThinTranslucentMaterial.uasset" 381
"../../../Engine/Plugins/Runtime/MeshModelingToolset/Content/Materials/M_DynamicMeshComponentVtxColor.uexp" 382
"../../../Engine/Plugins/Runtime/MeshModelingToolset/Content/Materials/M_DynamicMeshComponentVtxColor.uasset" 383
"../../../Engine/Content/EngineResources/WhiteSquareTexture.uexp" 384
"../../../Engine/Content/EngineResources/WhiteSquareTexture.uasset" 385
"../../../Engine/Content/EngineMaterials/Widget3DPassThrough.uexp" 386
"../../../Engine/Content/EngineMaterials/Widget3DPassThrough.uasset" 387
"../../../Engine/Content/EngineMaterials/Widget3DPassThrough_Opaque.uasset" 388
"../../../Engine/Content/EngineMaterials/Widget3DPassThrough_Opaque.uexp" 389
"../../../Engine/Content/EngineMaterials/Widget3DPassThrough_Opaque_OneSided.uasset" 390
"../../../Engine/Content/EngineMaterials/Widget3DPassThrough_Opaque_OneSided.uexp" 391
"../../../Engine/Content/Functions/Engine_MaterialFunctions01/Shading/ConvertFromDiffSpec.uexp" 392
"../../../Engine/Content/Functions/Engine_MaterialFunctions01/Shading/ConvertFromDiffSpec.uasset" 393
"../../../Engine/Plugins/Interchange/Runtime/Content/Materials/PhongSurfaceMaterial.uexp" 394
"../../../Engine/Plugins/Interchange/Runtime/Content/Materials/PhongSurfaceMaterial.uasset" 395
"../../../Engine/Plugins/Interchange/Runtime/Content/gltf/Textures/T_Black_srgb.uasset" 396
"../../../Engine/Plugins/Interchange/Runtime/Content/gltf/Textures/T_Black_srgb.uexp" 397
"../../../Engine/Content/EngineFonts/RobotoDistanceField.uexp" 398
"../../../Engine/Content/EngineFonts/RobotoDistanceField.uasset" 399
"../../../Engine/Content/EngineMaterials/DefaultTextMaterialOpaque.uexp" 400
"../../../Engine/Content/EngineMaterials/DefaultTextMaterialOpaque.uasset" 401
"../../../Engine/Content/EngineMaterials/InvalidLightmapSettings.ubulk" 402
"../../../Engine/Content/EngineMaterials/InvalidLightmapSettings.uasset" 403
"../../../Engine/Content/EngineMaterials/InvalidLightmapSettings.uexp" 404
"../../../Engine/Content/EngineMaterials/M_InvalidLightmapSettings.uexp" 405
"../../../Engine/Content/EngineMaterials/M_InvalidLightmapSettings.uasset" 406
"../../../Engine/Plugins/Interchange/Runtime/Content/Pipelines/DefaultAssetsPipeline.uexp" 407
"../../../Engine/Plugins/Interchange/Runtime/Content/Pipelines/DefaultAssetsPipeline.uasset" 408
"../../../Engine/Content/EngineMaterials/BaseFlattenEmissiveMap_VT.uexp" 409
"../../../Engine/Content/EngineMaterials/BaseFlattenEmissiveMap_VT.uasset" 410
"../../../Engine/Content/EngineMaterials/BaseFlattenGrayscaleMap_VT.uexp" 411
"../../../Engine/Content/EngineMaterials/BaseFlattenGrayscaleMap_VT.uasset" 412
"../../../Engine/Content/EngineMaterials/BaseFlattenLinearColor_VT.uasset" 413
"../../../Engine/Content/EngineMaterials/BaseFlattenLinearColor_VT.uexp" 414
"../../../Engine/Content/EngineMaterials/Black_1x1_EXR_Texture_VT.uasset" 415
"../../../Engine/Content/EngineMaterials/Black_1x1_EXR_Texture_VT.uexp" 416
"../../../Engine/Content/EngineMaterials/BaseFlattenDiffuseMap_VT.uasset" 417
"../../../Engine/Content/EngineMaterials/BaseFlattenDiffuseMap_VT.uexp" 418
"../../../Engine/Content/EngineMaterials/BaseFlattenNormalMap_VT.uasset" 419
"../../../Engine/Content/EngineMaterials/BaseFlattenNormalMap_VT.uexp" 420
"../../../Engine/Content/EngineMaterials/FlattenMaterial_VT.uasset" 421
"../../../Engine/Content/EngineMaterials/FlattenMaterial_VT.uexp" 422
"../../../Engine/Content/EngineMaterials/DefaultPhysicalMaterial.uasset" 423
"../../../Engine/Content/EngineMaterials/DefaultPhysicalMaterial.uexp" 424
"../../../Engine/Content/EngineMaterials/DefaultDiffuse.ubulk" 425
"../../../Engine/Content/EngineMaterials/DefaultDiffuse.uexp" 426
"../../../Engine/Content/EngineMaterials/DefaultDiffuse.uasset" 427
"../../../Engine/Content/Functions/Engine_MaterialFunctions02/Utility/BreakOutFloat2Components.uasset" 428
"../../../Engine/Content/Functions/Engine_MaterialFunctions02/Utility/BreakOutFloat2Components.uexp" 429
"../../../Engine/Content/EngineMaterials/DefaultPostProcessMaterial.uexp" 430
"../../../Engine/Content/EngineMaterials/DefaultPostProcessMaterial.uasset" 431
"../../../Engine/Content/EngineMaterials/DefaultDeferredDecalMaterial.uexp" 432
"../../../Engine/Content/EngineMaterials/DefaultDeferredDecalMaterial.uasset" 433
"../../../Engine/Content/EngineMaterials/RemoveSurfaceMaterial.uasset" 434
"../../../Engine/Content/EngineMaterials/RemoveSurfaceMaterial.uexp" 435
"../../../Engine/Content/EngineMaterials/FlattenMaterial_WS_Normal_VT.uexp" 436
"../../../Engine/Content/EngineMaterials/FlattenMaterial_WS_Normal_VT.uasset" 437
"../../../Engine/Plugins/Interchange/Runtime/Content/Materials/LambertSurfaceMaterial.uexp" 438
"../../../Engine/Plugins/Interchange/Runtime/Content/Materials/LambertSurfaceMaterial.uasset" 439
"../../../Engine/Content/EngineMaterials/DefaultBloomKernel.uexp" 440
"../../../Engine/Content/EngineMaterials/DefaultBloomKernel.uasset" 441
"../../../Engine/Plugins/Interchange/Runtime/Content/Materials/UnlitMaterial.uasset" 442
"../../../Engine/Plugins/Interchange/Runtime/Content/Materials/UnlitMaterial.uexp" 443
"../../../Engine/Content/EngineMaterials/Widget3DPassThrough_Masked_OneSided.uexp" 444
"../../../Engine/Content/EngineMaterials/Widget3DPassThrough_Masked_OneSided.uasset" 445
"../../../Engine/Content/EngineMaterials/DefaultWhiteGrid_Low.uasset" 446
"../../../Engine/Content/EngineMaterials/DefaultWhiteGrid_Low.uexp" 447
"../../../Engine/Content/EngineMaterials/EmissiveMeshMaterial.uexp" 448
"../../../Engine/Content/EngineMaterials/EmissiveMeshMaterial.uasset" 449
"../../../Engine/Content/EngineMaterials/STBlueNoise_scalar_128x128x64.uasset" 450
"../../../Engine/Content/EngineMaterials/STBlueNoise_scalar_128x128x64.uexp" 451
"../../../Engine/Content/EngineMaterials/BaseFlattenNormalMap.uexp" 452
"../../../Engine/Content/EngineMaterials/BaseFlattenNormalMap.uasset" 453
"../../../Engine/Content/EngineMaterials/BaseFlattenGrayscaleMap.uasset" 454
"../../../Engine/Content/EngineMaterials/BaseFlattenGrayscaleMap.uexp" 455
"../../../Engine/Content/EngineMaterials/BaseFlattenDiffuseMap.uasset" 456
"../../../Engine/Content/EngineMaterials/BaseFlattenDiffuseMap.uexp" 457
"../../../Engine/Content/Functions/Engine_MaterialFunctions02/PivotPainter2/Black_1x1_EXR_Texture.uexp" 458
"../../../Engine/Content/Functions/Engine_MaterialFunctions02/PivotPainter2/Black_1x1_EXR_Texture.uasset" 459
"../../../Engine/Content/EngineMaterials/BaseFlattenEmissiveMap.uexp" 460
"../../../Engine/Content/EngineMaterials/BaseFlattenEmissiveMap.uasset" 461
"../../../Engine/Content/EngineMaterials/FlattenMaterial.uasset" 462
"../../../Engine/Content/EngineMaterials/FlattenMaterial.uexp" 463
"../../../Engine/Plugins/Interchange/Runtime/Content/Materials/ClearCoatMaterial.uexp" 464
"../../../Engine/Plugins/Interchange/Runtime/Content/Materials/ClearCoatMaterial.uasset" 465
"../../../Engine/Content/EngineMaterials/GizmoMaterial.uexp" 466
"../../../Engine/Content/EngineMaterials/GizmoMaterial.uasset" 467
"../../../Engine/Content/EngineMaterials/DefaultDestructiblePhysicalMaterial.uasset" 468
"../../../Engine/Content/EngineMaterials/DefaultDestructiblePhysicalMaterial.uexp" 469
"../../../Engine/Content/Functions/Engine_MaterialFunctions02/WorldPositionOffset/CameraOffset.uexp" 470
"../../../Engine/Content/Functions/Engine_MaterialFunctions02/WorldPositionOffset/CameraOffset.uasset" 471
"../../../Engine/Content/EngineMaterials/PhAT_JointLimitMaterial.uasset" 472
"../../../Engine/Content/EngineMaterials/PhAT_JointLimitMaterial.uexp" 473
"../../../Engine/Content/EngineMaterials/FlatNormal.uasset" 474
"../../../Engine/Content/EngineMaterials/FlatNormal.uexp" 475
"../../../Engine/Plugins/Interchange/Runtime/Content/Functions/MF_OrenNayerView.uexp" 476
"../../../Engine/Plugins/Interchange/Runtime/Content/Functions/MF_OrenNayerView.uasset" 477
"../../../Engine/Content/EditorLandscapeResources/WhiteSquareTexture.uexp" 478
"../../../Engine/Content/EditorLandscapeResources/WhiteSquareTexture.uasset" 479
"../../../Engine/Plugins/Interchange/Runtime/Content/Functions/MF_SchlickApprox.uasset" 480
"../../../Engine/Plugins/Interchange/Runtime/Content/Functions/MF_SchlickApprox.uexp" 481
"../../../Engine/Plugins/Interchange/Runtime/Content/Utilities/New_LUT.uasset" 482
"../../../Engine/Plugins/Interchange/Runtime/Content/Utilities/New_LUT.uexp" 483
"../../../Engine/Content/Functions/Engine_MaterialFunctions03/Math/RemapValueRange.uexp" 484
"../../../Engine/Content/Functions/Engine_MaterialFunctions03/Math/RemapValueRange.uasset" 485
"../../../Engine/Plugins/Interchange/Runtime/Content/Functions/MF_Iridescence.uasset" 486
"../../../Engine/Plugins/Interchange/Runtime/Content/Functions/MF_Iridescence.uexp" 487
"../../../Engine/Plugins/Interchange/Runtime/Content/Materials/OrenNayerMaterial.uexp" 488
"../../../Engine/Plugins/Interchange/Runtime/Content/Materials/OrenNayerMaterial.uasset" 489
"../../../Engine/Plugins/Interchange/Runtime/Content/Materials/SheenMaterial.uasset" 490
"../../../Engine/Plugins/Interchange/Runtime/Content/Materials/SheenMaterial.uexp" 491
"../../../Engine/Content/EngineMaterials/STBlueNoise_vec2_128x128x64.uasset" 492
"../../../Engine/Content/EngineMaterials/STBlueNoise_vec2_128x128x64.uexp" 493
"../../../Engine/Content/EngineMaterials/DefaultCalibrationColor.uexp" 494
"../../../Engine/Content/EngineMaterials/DefaultCalibrationColor.uasset" 495
"../../../Engine/Content/EngineMaterials/PPM_DefaultCalibrationColor.uasset" 496
"../../../Engine/Content/EngineMaterials/PPM_DefaultCalibrationColor.uexp" 497
"../../../Engine/Plugins/Interchange/Runtime/Content/Materials/PBRSurfaceMaterial.uexp" 498
"../../../Engine/Plugins/Interchange/Runtime/Content/Materials/PBRSurfaceMaterial.uasset" 499
"../../../Engine/Content/EngineMaterials/Widget3DPassThrough_Translucent.uasset" 500
"../../../Engine/Content/EngineMaterials/Widget3DPassThrough_Translucent.uexp" 501
"../../../Engine/Content/EngineMaterials/Widget3DPassThrough_Translucent_OneSided.uasset" 502
"../../../Engine/Content/EngineMaterials/Widget3DPassThrough_Translucent_OneSided.uexp" 503
"../../../Engine/Plugins/Interchange/Runtime/Content/gltf/Textures/T_Gray_Linear.uasset" 504
"../../../Engine/Plugins/Interchange/Runtime/Content/gltf/Textures/T_Gray_Linear.uexp" 505
"../../../Engine/Content/EngineMaterials/Widget3DPassThrough_Masked.uasset" 506
"../../../Engine/Content/EngineMaterials/Widget3DPassThrough_Masked.uexp" 507
"../../../Engine/Content/EngineMaterials/DefaultCalibrationGrayscale.uexp" 508
"../../../Engine/Content/EngineMaterials/DefaultCalibrationGrayscale.uasset" 509
"../../../Engine/Content/EngineMaterials/PPM_DefaultCalibrationGrayscale.uasset" 510
"../../../Engine/Content/EngineMaterials/PPM_DefaultCalibrationGrayscale.uexp" 511
"../../../Engine/Content/EngineResources/FilmGrains/Marcie_Grain_v3_128_M2_000.uexp" 512
"../../../Engine/Content/EngineResources/FilmGrains/Marcie_Grain_v3_128_M2_000.uasset" 513
"../../../Engine/Content/EngineSky/VolumetricClouds/CloudWeatherTexture.uexp" 514
"../../../Engine/Content/EngineSky/VolumetricClouds/CloudWeatherTexture.uasset" 515
"../../../Engine/Content/Functions/Engine_MaterialFunctions02/Utility/MakeFloat2.uexp" 516
"../../../Engine/Content/Functions/Engine_MaterialFunctions02/Utility/MakeFloat2.uasset" 517
"../../../Engine/Content/EngineSky/VolumetricClouds/CloudGradientTexture.uexp" 518
"../../../Engine/Content/EngineSky/VolumetricClouds/CloudGradientTexture.uasset" 519
"../../../Engine/Content/EngineSky/VolumetricClouds/T_NoiseShape64.ubulk" 520
"../../../Engine/Content/EngineSky/VolumetricClouds/T_NoiseShape64.uexp" 521
"../../../Engine/Content/EngineSky/VolumetricClouds/T_NoiseShape64.uasset" 522
"../../../Engine/Content/EngineSky/VolumetricClouds/T_VolumeNoiseShape64.uasset" 523
"../../../Engine/Content/EngineSky/VolumetricClouds/T_VolumeNoiseShape64.uexp" 524
"../../../Engine/Content/EngineSky/VolumetricClouds/T_NoiseErosion.ubulk" 525
"../../../Engine/Content/EngineSky/VolumetricClouds/T_NoiseErosion.uexp" 526
"../../../Engine/Content/EngineSky/VolumetricClouds/T_NoiseErosion.uasset" 527
"../../../Engine/Content/EngineSky/VolumetricClouds/T_VolumeNoiseErosion32.uasset" 528
"../../../Engine/Content/EngineSky/VolumetricClouds/T_VolumeNoiseErosion32.uexp" 529
"../../../Engine/Content/EngineSky/VolumetricClouds/m_SimpleVolumetricCloud.uasset" 530
"../../../Engine/Content/EngineSky/VolumetricClouds/m_SimpleVolumetricCloud.uexp" 531
"../../../Engine/Content/EngineSky/VolumetricClouds/m_SimpleVolumetricCloud_Inst.uexp" 532
"../../../Engine/Content/EngineSky/VolumetricClouds/m_SimpleVolumetricCloud_Inst.uasset" 533
"../../../Engine/Content/EngineSounds/Master.uexp" 534
"../../../Engine/Content/EngineSounds/Master.uasset" 535
"../../../Engine/Content/Functions/Engine_MaterialFunctions01/Shading/PowerToRoughness.uexp" 536
"../../../Engine/Content/Functions/Engine_MaterialFunctions01/Shading/PowerToRoughness.uasset" 537
"../../../Engine/Plugins/Interchange/Runtime/Content/Materials/SubsurfaceMaterial.uasset" 538
"../../../Engine/Plugins/Interchange/Runtime/Content/Materials/SubsurfaceMaterial.uexp" 539
"../../../Engine/Plugins/Editor/SpeedTreeImporter/Content/SpeedTree9/game_wind_noise.uexp" 540
"../../../Engine/Plugins/Editor/SpeedTreeImporter/Content/SpeedTree9/game_wind_noise.uasset" 541
"../../../Engine/Plugins/Editor/SpeedTreeImporter/Content/SpeedTree9/game_wind_noise.ubulk" 542
"../../../Engine/Plugins/Editor/SpeedTreeImporter/Content/SpeedTree9/UnpackDirection.uexp" 543
"../../../Engine/Plugins/Editor/SpeedTreeImporter/Content/SpeedTree9/UnpackDirection.uasset" 544
"../../../Engine/Content/Functions/Engine_MaterialFunctions02/ObjectLocalBounds.uasset" 545
"../../../Engine/Content/Functions/Engine_MaterialFunctions02/ObjectLocalBounds.uexp" 546
"../../../Engine/Content/Functions/Engine_MaterialFunctions02/UVs/BoundingBoxBased_0-1_UVW.uexp" 547
"../../../Engine/Content/Functions/Engine_MaterialFunctions02/UVs/BoundingBoxBased_0-1_UVW.uasset" 548
"../../../Engine/Content/Functions/Engine_MaterialFunctions02/Utility/VectorLength.uexp" 549
"../../../Engine/Content/Functions/Engine_MaterialFunctions02/Utility/VectorLength.uasset" 550
"../../../Engine/Plugins/Editor/SpeedTreeImporter/Content/SpeedTree9/UnpackInteger3.uexp" 551
"../../../Engine/Plugins/Editor/SpeedTreeImporter/Content/SpeedTree9/UnpackInteger3.uasset" 552
"../../../Engine/Plugins/Editor/SpeedTreeImporter/Content/SpeedTree9/SpeedTreeCameraFacing.uasset" 553
"../../../Engine/Plugins/Editor/SpeedTreeImporter/Content/SpeedTree9/SpeedTreeCameraFacing.uexp" 554
"../../../Engine/Content/Functions/Engine_MaterialFunctions02/WorldPositionOffset/ObjectScale.uexp" 555
"../../../Engine/Content/Functions/Engine_MaterialFunctions02/WorldPositionOffset/ObjectScale.uasset" 556
"../../../Engine/Content/Functions/Engine_MaterialFunctions02/SafeNormalize.uasset" 557
"../../../Engine/Content/Functions/Engine_MaterialFunctions02/SafeNormalize.uexp" 558
"../../../Engine/Plugins/Editor/SpeedTreeImporter/Content/SpeedTree9/SpeedTreeWindMotion.uexp" 559
"../../../Engine/Plugins/Editor/SpeedTreeImporter/Content/SpeedTree9/SpeedTreeWindMotion.uasset" 560
"../../../Engine/Plugins/Editor/SpeedTreeImporter/Content/SpeedTree9/SpeedTreeBranchMotion.uexp" 561
"../../../Engine/Plugins/Editor/SpeedTreeImporter/Content/SpeedTree9/SpeedTreeBranchMotion.uasset" 562
"../../../Engine/Plugins/Editor/SpeedTreeImporter/Content/SpeedTree9/SpeedTreeWind.uasset" 563
"../../../Engine/Plugins/Editor/SpeedTreeImporter/Content/SpeedTree9/SpeedTreeWind.uexp" 564
"../../../Engine/Plugins/Editor/SpeedTreeImporter/Content/SpeedTree9/EmptyNormal.uasset" 565
"../../../Engine/Plugins/Editor/SpeedTreeImporter/Content/SpeedTree9/EmptyNormal.uexp" 566
"../../../Engine/Plugins/Editor/SpeedTreeImporter/Content/SpeedTree9/Empty.uasset" 567
"../../../Engine/Plugins/Editor/SpeedTreeImporter/Content/SpeedTree9/Empty.uexp" 568
"../../../Engine/Plugins/Editor/SpeedTreeImporter/Content/SpeedTree9/SpeedTreeMaster.uexp" 569
"../../../Engine/Plugins/Editor/SpeedTreeImporter/Content/SpeedTree9/SpeedTreeMaster.uasset" 570
"../../../Engine/Plugins/Interchange/Runtime/Content/Pipelines/DefaultMaterialPipeline.uasset" 571
"../../../Engine/Plugins/Interchange/Runtime/Content/Pipelines/DefaultMaterialPipeline.uexp" 572
"../../../Engine/Plugins/Interchange/Runtime/Content/Pipelines/DefaultSceneAssetsPipeline.uasset" 573
"../../../Engine/Plugins/Interchange/Runtime/Content/Pipelines/DefaultSceneAssetsPipeline.uexp" 574
"../../../Engine/Plugins/Editor/SpeedTreeImporter/Content/SpeedTree9/SpeedTreeBillboard.uexp" 575
"../../../Engine/Plugins/Editor/SpeedTreeImporter/Content/SpeedTree9/SpeedTreeBillboard.uasset" 576
"../../../Engine/Plugins/Editor/SpeedTreeImporter/Content/SpeedTree9/SpeedTreeBillboardMaster.uasset" 577
"../../../Engine/Plugins/Editor/SpeedTreeImporter/Content/SpeedTree9/SpeedTreeBillboardMaster.uexp" 578
"../../../Engine/Plugins/Interchange/Runtime/Content/Pipelines/DefaultTexturePipeline.uasset" 579
"../../../Engine/Plugins/Interchange/Runtime/Content/Pipelines/DefaultTexturePipeline.uexp" 580
"../../../Engine/Plugins/Animation/ControlRig/Content/M_Manip.uasset" 581
"../../../Engine/Plugins/Animation/ControlRig/Content/M_Manip.uexp" 582
"../../../Engine/Plugins/Animation/ControlRig/Content/Controls/ControlRig_Octagon_solid.uexp" 583
"../../../Engine/Plugins/Animation/ControlRig/Content/Controls/ControlRig_Octagon_solid.ubulk" 584
"../../../Engine/Plugins/Animation/ControlRig/Content/Controls/ControlRig_Octagon_solid.uasset" 585
"../../../Engine/Plugins/Animation/ControlRig/Content/Controls/ControlRig_Pyramid_solid.uexp" 586
"../../../Engine/Plugins/Animation/ControlRig/Content/Controls/ControlRig_Pyramid_solid.ubulk" 587
"../../../Engine/Plugins/Animation/ControlRig/Content/Controls/ControlRig_Pyramid_solid.uasset" 588
"../../../Engine/Plugins/Animation/ControlRig/Content/Controls/ControlRig_Wedge_solid.uexp" 589
"../../../Engine/Plugins/Animation/ControlRig/Content/Controls/ControlRig_Wedge_solid.ubulk" 590
"../../../Engine/Plugins/Animation/ControlRig/Content/Controls/ControlRig_Wedge_solid.uasset" 591
"../../../Engine/Plugins/Animation/ControlRig/Content/Controls/ControlRig_RoundedSquare_1mm.ubulk" 592
"../../../Engine/Plugins/Animation/ControlRig/Content/Controls/ControlRig_RoundedSquare_1mm.uexp" 593
"../../../Engine/Plugins/Animation/ControlRig/Content/Controls/ControlRig_RoundedSquare_1mm.uasset" 594
"../../../Engine/Plugins/Animation/ControlRig/Content/Controls/ControlRig_Star4_1mm.ubulk" 595
"../../../Engine/Plugins/Animation/ControlRig/Content/Controls/ControlRig_Star4_1mm.uexp" 596
"../../../Engine/Plugins/Animation/ControlRig/Content/Controls/ControlRig_Star4_1mm.uasset" 597
"../../../Engine/Plugins/Animation/ControlRig/Content/Controls/ControlRigXRayMaterial.uexp" 598
"../../../Engine/Plugins/Animation/ControlRig/Content/Controls/ControlRigXRayMaterial.uasset" 599
"../../../Engine/Plugins/Animation/ControlRig/Content/Controls/ControlRig_Hexagon_solid.ubulk" 600
"../../../Engine/Plugins/Animation/ControlRig/Content/Controls/ControlRig_Hexagon_solid.uexp" 601
"../../../Engine/Plugins/Animation/ControlRig/Content/Controls/ControlRig_Hexagon_solid.uasset" 602
"../../../Engine/Plugins/Animation/ControlRig/Content/Controls/ControlRig_Arrow_solid.ubulk" 603
"../../../Engine/Plugins/Animation/ControlRig/Content/Controls/ControlRig_Arrow_solid.uexp" 604
"../../../Engine/Plugins/Animation/ControlRig/Content/Controls/ControlRig_Arrow_solid.uasset" 605
"../../../Engine/Plugins/Animation/ControlRig/Content/Controls/ControlRig_Triangle_3mm.uasset" 606
"../../../Engine/Plugins/Animation/ControlRig/Content/Controls/ControlRig_Triangle_3mm.uexp" 607
"../../../Engine/Plugins/Animation/ControlRig/Content/Controls/ControlRig_Triangle_3mm.ubulk" 608
"../../../Engine/Plugins/Animation/ControlRig/Content/Controls/ControlRig_Box_solid.uasset" 609
"../../../Engine/Plugins/Animation/ControlRig/Content/Controls/ControlRig_Box_solid.ubulk" 610
"../../../Engine/Plugins/Animation/ControlRig/Content/Controls/ControlRig_Box_solid.uexp" 611
"../../../Engine/Plugins/Animation/ControlRig/Content/Controls/ControlRig_Wedge_3mm.uasset" 612
"../../../Engine/Plugins/Animation/ControlRig/Content/Controls/ControlRig_Wedge_3mm.ubulk" 613
"../../../Engine/Plugins/Animation/ControlRig/Content/Controls/ControlRig_Wedge_3mm.uexp" 614
"../../../Engine/Plugins/Animation/ControlRig/Content/Controls/ControlRig_HalfCircle_1mm.ubulk" 615
"../../../Engine/Plugins/Animation/ControlRig/Content/Controls/ControlRig_HalfCircle_1mm.uexp" 616
"../../../Engine/Plugins/Animation/ControlRig/Content/Controls/ControlRig_HalfCircle_1mm.uasset" 617
"../../../Engine/Plugins/Animation/ControlRig/Content/Controls/ControlRig_HalfCircle_solid.uexp" 618
"../../../Engine/Plugins/Animation/ControlRig/Content/Controls/ControlRig_HalfCircle_solid.ubulk" 619
"../../../Engine/Plugins/Animation/ControlRig/Content/Controls/ControlRig_HalfCircle_solid.uasset" 620
"../../../Engine/Plugins/Animation/ControlRig/Content/Controls/ControlRig_Arrow2_1mm.uexp" 621
"../../../Engine/Plugins/Animation/ControlRig/Content/Controls/ControlRig_Arrow2_1mm.ubulk" 622
"../../../Engine/Plugins/Animation/ControlRig/Content/Controls/ControlRig_Arrow2_1mm.uasset" 623
"../../../Engine/Plugins/Animation/ControlRig/Content/Controls/ControlRig_Octagon_3mm.uexp" 624
"../../../Engine/Plugins/Animation/ControlRig/Content/Controls/ControlRig_Octagon_3mm.ubulk" 625
"../../../Engine/Plugins/Animation/ControlRig/Content/Controls/ControlRig_Octagon_3mm.uasset" 626
"../../../Engine/Plugins/Animation/ControlRig/Content/Controls/ControlRig_Box_3mm.uexp" 627
"../../../Engine/Plugins/Animation/ControlRig/Content/Controls/ControlRig_Box_3mm.ubulk" 628
"../../../Engine/Plugins/Animation/ControlRig/Content/Controls/ControlRig_Box_3mm.uasset" 629
"../../../Engine/Plugins/Animation/ControlRig/Content/Controls/ControlRig_Sphere_1mm.uasset" 630
"../../../Engine/Plugins/Animation/ControlRig/Content/Controls/ControlRig_Sphere_1mm.uexp" 631
"../../../Engine/Plugins/Animation/ControlRig/Content/Controls/ControlRig_Sphere_1mm.ubulk" 632
"../../../Engine/Plugins/Animation/ControlRig/Content/Controls/ControlRig_Pyramid_3mm.uasset" 633
"../../../Engine/Plugins/Animation/ControlRig/Content/Controls/ControlRig_Pyramid_3mm.ubulk" 634
"../../../Engine/Plugins/Animation/ControlRig/Content/Controls/ControlRig_Pyramid_3mm.uexp" 635
"../../../Engine/Plugins/Animation/ControlRig/Content/Controls/ControlRig_QuarterCircle_3mm.ubulk" 636
"../../../Engine/Plugins/Animation/ControlRig/Content/Controls/ControlRig_QuarterCircle_3mm.uexp" 637
"../../../Engine/Plugins/Animation/ControlRig/Content/Controls/ControlRig_QuarterCircle_3mm.uasset" 638
"../../../Engine/Plugins/Animation/ControlRig/Content/Controls/ControlRig_Circle_1mm.ubulk" 639
"../../../Engine/Plugins/Animation/ControlRig/Content/Controls/ControlRig_Circle_1mm.uexp" 640
"../../../Engine/Plugins/Animation/ControlRig/Content/Controls/ControlRig_Circle_1mm.uasset" 641
"../../../Engine/Plugins/Animation/ControlRig/Content/Controls/ControlRig_RoundedTriangle_3mm.uasset" 642
"../../../Engine/Plugins/Animation/ControlRig/Content/Controls/ControlRig_RoundedTriangle_3mm.uexp" 643
"../../../Engine/Plugins/Animation/ControlRig/Content/Controls/ControlRig_RoundedTriangle_3mm.ubulk" 644
"../../../Engine/Plugins/Animation/ControlRig/Content/Controls/ControlRig_Triangle_solid.uasset" 645
"../../../Engine/Plugins/Animation/ControlRig/Content/Controls/ControlRig_Triangle_solid.ubulk" 646
"../../../Engine/Plugins/Animation/ControlRig/Content/Controls/ControlRig_Triangle_solid.uexp" 647
"../../../Engine/Plugins/Animation/ControlRig/Content/Controls/ControlRig_Diamond_1mm.uasset" 648
"../../../Engine/Plugins/Animation/ControlRig/Content/Controls/ControlRig_Diamond_1mm.uexp" 649
"../../../Engine/Plugins/Animation/ControlRig/Content/Controls/ControlRig_Diamond_1mm.ubulk" 650
"../../../Engine/Plugins/Animation/ControlRig/Content/Controls/ControlRig_Arrow2_solid.uasset" 651
"../../../Engine/Plugins/Animation/ControlRig/Content/Controls/ControlRig_Arrow2_solid.uexp" 652
"../../../Engine/Plugins/Animation/ControlRig/Content/Controls/ControlRig_Arrow2_solid.ubulk" 653
"../../../Engine/Plugins/Animation/ControlRig/Content/Controls/ControlRig_Arrow4_3mm.uasset" 654
"../../../Engine/Plugins/Animation/ControlRig/Content/Controls/ControlRig_Arrow4_3mm.ubulk" 655
"../../../Engine/Plugins/Animation/ControlRig/Content/Controls/ControlRig_Arrow4_3mm.uexp" 656
"../../../Engine/Plugins/Animation/ControlRig/Content/Controls/ControlRig_Hexagon_1mm.uasset" 657
"../../../Engine/Plugins/Animation/ControlRig/Content/Controls/ControlRig_Hexagon_1mm.uexp" 658
"../../../Engine/Plugins/Animation/ControlRig/Content/Controls/ControlRig_Hexagon_1mm.ubulk" 659
"../../../Engine/Plugins/Animation/ControlRig/Content/Controls/ControlRig_QuarterCircle_solid.uasset" 660
"../../../Engine/Plugins/Animation/ControlRig/Content/Controls/ControlRig_QuarterCircle_solid.ubulk" 661
"../../../Engine/Plugins/Animation/ControlRig/Content/Controls/ControlRig_QuarterCircle_solid.uexp" 662
"../../../Engine/Plugins/Animation/ControlRig/Content/Controls/ControlRig_Arrow_1mm.uasset" 663
"../../../Engine/Plugins/Animation/ControlRig/Content/Controls/ControlRig_Arrow_1mm.uexp" 664
"../../../Engine/Plugins/Animation/ControlRig/Content/Controls/ControlRig_Arrow_1mm.ubulk" 665
"../../../Engine/Plugins/Animation/ControlRig/Content/Controls/ControlRig_Square_1mm.ubulk" 666
"../../../Engine/Plugins/Animation/ControlRig/Content/Controls/ControlRig_Square_1mm.uexp" 667
"../../../Engine/Plugins/Animation/ControlRig/Content/Controls/ControlRig_Square_1mm.uasset" 668
"../../../Engine/Plugins/Animation/ControlRig/Content/Controls/ControlRig_Circle_solid.ubulk" 669
"../../../Engine/Plugins/Animation/ControlRig/Content/Controls/ControlRig_Circle_solid.uexp" 670
"../../../Engine/Plugins/Animation/ControlRig/Content/Controls/ControlRig_Circle_solid.uasset" 671
"../../../Engine/Plugins/Animation/ControlRig/Content/Controls/ControlRig_Arrow4_solid.uexp" 672
"../../../Engine/Plugins/Animation/ControlRig/Content/Controls/ControlRig_Arrow4_solid.uasset" 673
"../../../Engine/Plugins/Animation/ControlRig/Content/Controls/ControlRig_Arrow4_solid.ubulk" 674
"../../../Engine/Plugins/Animation/ControlRig/Content/Controls/ControlRig_RoundedSquare_solid.uexp" 675
"../../../Engine/Plugins/Animation/ControlRig/Content/Controls/ControlRig_RoundedSquare_solid.ubulk" 676
"../../../Engine/Plugins/Animation/ControlRig/Content/Controls/ControlRig_RoundedSquare_solid.uasset" 677
"../../../Engine/Plugins/Animation/ControlRig/Content/Controls/ControlRig_Star4_solid.uasset" 678
"../../../Engine/Plugins/Animation/ControlRig/Content/Controls/ControlRig_Star4_solid.uexp" 679
"../../../Engine/Plugins/Animation/ControlRig/Content/Controls/ControlRig_Star4_solid.ubulk" 680
"../../../Engine/Plugins/Animation/ControlRig/Content/Controls/ControlRig_Diamond_solid.uexp" 681
"../../../Engine/Plugins/Animation/ControlRig/Content/Controls/ControlRig_Diamond_solid.ubulk" 682
"../../../Engine/Plugins/Animation/ControlRig/Content/Controls/ControlRig_Diamond_solid.uasset" 683
"../../../Engine/Plugins/Animation/ControlRig/Content/Controls/ControlRig_Arrow2_3mm.uasset" 684
"../../../Engine/Plugins/Animation/ControlRig/Content/Controls/ControlRig_Arrow2_3mm.ubulk" 685
"../../../Engine/Plugins/Animation/ControlRig/Content/Controls/ControlRig_Arrow2_3mm.uexp" 686
"../../../Engine/Plugins/Animation/ControlRig/Content/Controls/ControlRig_Box_1mm.ubulk" 687
"../../../Engine/Plugins/Animation/ControlRig/Content/Controls/ControlRig_Box_1mm.uexp" 688
"../../../Engine/Plugins/Animation/ControlRig/Content/Controls/ControlRig_Box_1mm.uasset" 689
"../../../Engine/Plugins/Animation/ControlRig/Content/Controls/ControlRig_Octagon_1mm.uasset" 690
"../../../Engine/Plugins/Animation/ControlRig/Content/Controls/ControlRig_Octagon_1mm.ubulk" 691
"../../../Engine/Plugins/Animation/ControlRig/Content/Controls/ControlRig_Octagon_1mm.uexp" 692
"../../../Engine/Plugins/Animation/ControlRig/Content/Controls/ControlRig_Sphere_3mm.uasset" 693
"../../../Engine/Plugins/Animation/ControlRig/Content/Controls/ControlRig_Sphere_3mm.uexp" 694
"../../../Engine/Plugins/Animation/ControlRig/Content/Controls/ControlRig_Sphere_3mm.ubulk" 695
"../../../Engine/Plugins/Animation/ControlRig/Content/Controls/ControlRig_Triangle_1mm.uasset" 696
"../../../Engine/Plugins/Animation/ControlRig/Content/Controls/ControlRig_Triangle_1mm.uexp" 697
"../../../Engine/Plugins/Animation/ControlRig/Content/Controls/ControlRig_Triangle_1mm.ubulk" 698
"../../../Engine/Plugins/Animation/ControlRig/Content/Controls/ControlRig_RoundedTriangle_solid.ubulk" 699
"../../../Engine/Plugins/Animation/ControlRig/Content/Controls/ControlRig_RoundedTriangle_solid.uasset" 700
"../../../Engine/Plugins/Animation/ControlRig/Content/Controls/ControlRig_RoundedTriangle_solid.uexp" 701
"../../../Engine/Plugins/Animation/ControlRig/Content/Controls/ControlRig_HalfCircle_3mm.uasset" 702
"../../../Engine/Plugins/Animation/ControlRig/Content/Controls/ControlRig_HalfCircle_3mm.uexp" 703
"../../../Engine/Plugins/Animation/ControlRig/Content/Controls/ControlRig_HalfCircle_3mm.ubulk" 704
"../../../Engine/Plugins/Animation/ControlRig/Content/Controls/ControlRig_Wedge_1mm.uasset" 705
"../../../Engine/Plugins/Animation/ControlRig/Content/Controls/ControlRig_Wedge_1mm.ubulk" 706
"../../../Engine/Plugins/Animation/ControlRig/Content/Controls/ControlRig_Wedge_1mm.uexp" 707
"../../../Engine/Plugins/Animation/ControlRig/Content/Controls/DefaultGizmoLibraryNormalized.uexp" 708
"../../../Engine/Plugins/Animation/ControlRig/Content/Controls/DefaultGizmoLibraryNormalized.uasset" 709
"../../../Engine/Plugins/Animation/ControlRig/Content/Controls/ControlRig_RoundedSquare_3mm.uasset" 710
"../../../Engine/Plugins/Animation/ControlRig/Content/Controls/ControlRig_RoundedSquare_3mm.ubulk" 711
"../../../Engine/Plugins/Animation/ControlRig/Content/Controls/ControlRig_RoundedSquare_3mm.uexp" 712
"../../../Engine/Plugins/Animation/ControlRig/Content/Controls/ControlRig_Star4_3mm.uasset" 713
"../../../Engine/Plugins/Animation/ControlRig/Content/Controls/ControlRig_Star4_3mm.uexp" 714
"../../../Engine/Plugins/Animation/ControlRig/Content/Controls/ControlRig_Star4_3mm.ubulk" 715
"../../../Engine/Plugins/Animation/ControlRig/Content/Controls/ControlRig_Square_3mm.uexp" 716
"../../../Engine/Plugins/Animation/ControlRig/Content/Controls/ControlRig_Square_3mm.ubulk" 717
"../../../Engine/Plugins/Animation/ControlRig/Content/Controls/ControlRig_Square_3mm.uasset" 718
"../../../Engine/Plugins/Animation/ControlRig/Content/Controls/ControlRig_Sphere_solid.uexp" 719
"../../../Engine/Plugins/Animation/ControlRig/Content/Controls/ControlRig_Sphere_solid.uasset" 720
"../../../Engine/Plugins/Animation/ControlRig/Content/Controls/ControlRig_Sphere_solid.ubulk" 721
"../../../Engine/Plugins/Animation/ControlRig/Content/Controls/ControlRig_Hexagon_3mm.uexp" 722
"../../../Engine/Plugins/Animation/ControlRig/Content/Controls/ControlRig_Hexagon_3mm.uasset" 723
"../../../Engine/Plugins/Animation/ControlRig/Content/Controls/ControlRig_Hexagon_3mm.ubulk" 724
"../../../Engine/Plugins/Animation/ControlRig/Content/Controls/ControlRig_Arrow_3mm.uexp" 725
"../../../Engine/Plugins/Animation/ControlRig/Content/Controls/ControlRig_Arrow_3mm.uasset" 726
"../../../Engine/Plugins/Animation/ControlRig/Content/Controls/ControlRig_Arrow_3mm.ubulk" 727
"../../../Engine/Plugins/Animation/ControlRig/Content/Controls/ControlRig_Diamond_3mm.ubulk" 728
"../../../Engine/Plugins/Animation/ControlRig/Content/Controls/ControlRig_Diamond_3mm.uasset" 729
"../../../Engine/Plugins/Animation/ControlRig/Content/Controls/ControlRig_Diamond_3mm.uexp" 730
"../../../Engine/Plugins/Animation/ControlRig/Content/Controls/ControlRig_Square_solid.uexp" 731
"../../../Engine/Plugins/Animation/ControlRig/Content/Controls/ControlRig_Square_solid.uasset" 732
"../../../Engine/Plugins/Animation/ControlRig/Content/Controls/ControlRig_Square_solid.ubulk" 733
"../../../Engine/Plugins/Animation/ControlRig/Content/Controls/ControlRig_Arrow4_1mm.ubulk" 734
"../../../Engine/Plugins/Animation/ControlRig/Content/Controls/ControlRig_Arrow4_1mm.uasset" 735
"../../../Engine/Plugins/Animation/ControlRig/Content/Controls/ControlRig_Arrow4_1mm.uexp" 736
"../../../Engine/Plugins/Animation/ControlRig/Content/Controls/ControlRig_Pyramid_1mm.ubulk" 737
"../../../Engine/Plugins/Animation/ControlRig/Content/Controls/ControlRig_Pyramid_1mm.uasset" 738
"../../../Engine/Plugins/Animation/ControlRig/Content/Controls/ControlRig_Pyramid_1mm.uexp" 739
"../../../Engine/Plugins/Animation/ControlRig/Content/Controls/ControlRig_QuarterCircle_1mm.uexp" 740
"../../../Engine/Plugins/Animation/ControlRig/Content/Controls/ControlRig_QuarterCircle_1mm.uasset" 741
"../../../Engine/Plugins/Animation/ControlRig/Content/Controls/ControlRig_QuarterCircle_1mm.ubulk" 742
"../../../Engine/Plugins/Animation/ControlRig/Content/Controls/ControlRig_Circle_3mm.ubulk" 743
"../../../Engine/Plugins/Animation/ControlRig/Content/Controls/ControlRig_Circle_3mm.uasset" 744
"../../../Engine/Plugins/Animation/ControlRig/Content/Controls/ControlRig_Circle_3mm.uexp" 745
"../../../Engine/Plugins/Animation/ControlRig/Content/Controls/ControlRig_RoundedTriangle_1mm.uexp" 746
"../../../Engine/Plugins/Animation/ControlRig/Content/Controls/ControlRig_RoundedTriangle_1mm.uasset" 747
"../../../Engine/Plugins/Animation/ControlRig/Content/Controls/ControlRig_RoundedTriangle_1mm.ubulk" 748
"../../../Engine/Plugins/Animation/ControlRig/Content/Controls/ControlRigGizmoMaterial.uasset" 749
"../../../Engine/Plugins/Animation/ControlRig/Content/Controls/ControlRigGizmoMaterial.uexp" 750
"../../../Engine/Plugins/2D/Paper2D/Content/PlaceholderTextures/DummySpriteTexture.ubulk" 751
"../../../Engine/Plugins/2D/Paper2D/Content/PlaceholderTextures/DummySpriteTexture.uexp" 752
"../../../Engine/Plugins/2D/Paper2D/Content/PlaceholderTextures/DummySpriteTexture.uasset" 753
"../../../Engine/Plugins/2D/Paper2D/Content/DefaultSpriteMaterial.uexp" 754
"../../../Engine/Plugins/2D/Paper2D/Content/DefaultSpriteMaterial.uasset" 755
"../../../Engine/Plugins/2D/Paper2D/Content/MaskedUnlitSpriteMaterial.uexp" 756
"../../../Engine/Plugins/2D/Paper2D/Content/MaskedUnlitSpriteMaterial.uasset" 757
"../../../Engine/Plugins/2D/Paper2D/Content/DummySprite.uasset" 758
"../../../Engine/Plugins/2D/Paper2D/Content/DummySprite.uexp" 759
"../../../Engine/Plugins/2D/Paper2D/Content/DefaultPaperTerrainMaterial.uexp" 760
"../../../Engine/Plugins/2D/Paper2D/Content/DefaultPaperTerrainMaterial.uasset" 761
"../../../Engine/Plugins/2D/Paper2D/Content/OpaqueUnlitSpriteMaterial.uasset" 762
"../../../Engine/Plugins/2D/Paper2D/Content/OpaqueUnlitSpriteMaterial.uexp" 763
"../../../Engine/Content/MobileResources/HUD/VirtualJoystick_Background.uexp" 764
"../../../Engine/Content/MobileResources/HUD/VirtualJoystick_Background.uasset" 765
"../../../Engine/Content/MobileResources/HUD/VirtualJoystick_Thumb.uasset" 766
"../../../Engine/Content/MobileResources/HUD/VirtualJoystick_Thumb.uexp" 767
"../../../Engine/Content/MobileResources/HUD/DefaultVirtualJoysticks.uasset" 768
"../../../Engine/Content/MobileResources/HUD/DefaultVirtualJoysticks.uexp" 769
"../../../Engine/Content/Functions/Engine_MaterialFunctions02/Texturing/CustomRotator.uasset" 770
"../../../Engine/Content/Functions/Engine_MaterialFunctions02/Texturing/CustomRotator.uexp" 771
"../../../Engine/Content/Functions/Engine_MaterialFunctions02/Texturing/ScreenAlignedPixelToPixelUVs.uasset" 772
"../../../Engine/Content/Functions/Engine_MaterialFunctions02/Texturing/ScreenAlignedPixelToPixelUVs.uexp" 773
"../../../Engine/Plugins/Interchange/Runtime/Content/Utilities/T_Bayer64_Grayscale_64px.uasset" 774
"../../../Engine/Plugins/Interchange/Runtime/Content/Utilities/T_Bayer64_Grayscale_64px.uexp" 775
"../../../Engine/Plugins/Interchange/Runtime/Content/gltf/MaterialFunctions/MF_Temporal_Blur.uexp" 776
"../../../Engine/Plugins/Interchange/Runtime/Content/gltf/MaterialFunctions/MF_Temporal_Blur.uasset" 777
"../../../Engine/Plugins/Interchange/Runtime/Content/gltf/MaterialFunctions/MF_Fresnel_DS.uexp" 778
"../../../Engine/Plugins/Interchange/Runtime/Content/gltf/MaterialFunctions/MF_Fresnel_DS.uasset" 779
"../../../Engine/Plugins/Interchange/Runtime/Content/Functions/MX_Transmission.uexp" 780
"../../../Engine/Plugins/Interchange/Runtime/Content/Functions/MX_Transmission.uasset" 781
"../../../Engine/Plugins/Interchange/Runtime/Content/Functions/MX_StandardSurface.uasset" 782
"../../../Engine/Plugins/Interchange/Runtime/Content/Functions/MX_StandardSurface.uexp" 783
"../../../Engine/Plugins/Interchange/Runtime/Content/Functions/MX_TransmissionSurface.uexp" 784
"../../../Engine/Plugins/Interchange/Runtime/Content/Functions/MX_TransmissionSurface.uasset" 785
"../../../Engine/Content/Functions/Engine_MaterialFunctions02/Math/AddComponents.uexp" 786
"../../../Engine/Content/Functions/Engine_MaterialFunctions02/Math/AddComponents.uasset" 787
"../../../Engine/Content/Functions/Engine_MaterialFunctions02/WorldPositionOffset/V2/ObjectScale.uexp" 788
"../../../Engine/Content/Functions/Engine_MaterialFunctions02/WorldPositionOffset/V2/ObjectScale.uasset" 789
"../../../Engine/Plugins/Interchange/Runtime/Content/gltf/MaterialFunctions/MF_TransmissionOpacity.uexp" 790
"../../../Engine/Plugins/Interchange/Runtime/Content/gltf/MaterialFunctions/MF_TransmissionOpacity.uasset" 791
"../../../Engine/Plugins/Interchange/Runtime/Content/gltf/MaterialFunctions/MF_RotateV2.uasset" 792
"../../../Engine/Plugins/Interchange/Runtime/Content/gltf/MaterialFunctions/MF_RotateV2.uexp" 793
"../../../Engine/Plugins/Interchange/Runtime/Content/gltf/MaterialFunctions/MF_TransformUVs.uasset" 794
"../../../Engine/Plugins/Interchange/Runtime/Content/gltf/MaterialFunctions/MF_TransformUVs.uexp" 795
"../../../Engine/Plugins/Interchange/Runtime/Content/gltf/Textures/T_White_srgb.uasset" 796
"../../../Engine/Plugins/Interchange/Runtime/Content/gltf/Textures/T_White_srgb.uexp" 797
"../../../Engine/Plugins/Interchange/Runtime/Content/gltf/MaterialFunctions/MF_BaseColor.uexp" 798
"../../../Engine/Plugins/Interchange/Runtime/Content/gltf/MaterialFunctions/MF_BaseColor.uasset" 799
"../../../Engine/Plugins/Interchange/Runtime/Content/gltf/MaterialFunctions/MF_DiffuseSpecGloss.uasset" 800
"../../../Engine/Plugins/Interchange/Runtime/Content/gltf/MaterialFunctions/MF_DiffuseSpecGloss.uexp" 801
"../../../Engine/Plugins/Interchange/Runtime/Content/gltf/Textures/T_White_Linear.uexp" 802
"../../../Engine/Plugins/Interchange/Runtime/Content/gltf/Textures/T_White_Linear.uasset" 803
"../../../Engine/Plugins/Interchange/Runtime/Content/gltf/MaterialFunctions/MF_MetallicRoughness.uexp" 804
"../../../Engine/Plugins/Interchange/Runtime/Content/gltf/MaterialFunctions/MF_MetallicRoughness.uasset" 805
"../../../Engine/Plugins/Interchange/Runtime/Content/gltf/MaterialFunctions/MF_Transmission.uasset" 806
"../../../Engine/Plugins/Interchange/Runtime/Content/gltf/MaterialFunctions/MF_Transmission.uexp" 807
"../../../Engine/Plugins/Interchange/Runtime/Content/gltf/MaterialFunctions/MF_Occlusion.uasset" 808
"../../../Engine/Plugins/Interchange/Runtime/Content/gltf/MaterialFunctions/MF_Occlusion.uexp" 809
"../../../Engine/Plugins/Interchange/Runtime/Content/gltf/MaterialFunctions/MF_Specular.uexp" 810
"../../../Engine/Plugins/Interchange/Runtime/Content/gltf/MaterialFunctions/MF_Specular.uasset" 811
"../../../Engine/Plugins/Interchange/Runtime/Content/gltf/MaterialFunctions/MF_IOR.uexp" 812
"../../../Engine/Plugins/Interchange/Runtime/Content/gltf/MaterialFunctions/MF_IOR.uasset" 813
"../../../Engine/Content/Functions/Engine_MaterialFunctions01/Texturing/FlattenNormal.uasset" 814
"../../../Engine/Content/Functions/Engine_MaterialFunctions01/Texturing/FlattenNormal.uexp" 815
"../../../Engine/Content/Functions/Engine_MaterialFunctions02/Math/Transform3x3Matrix.uasset" 816
"../../../Engine/Content/Functions/Engine_MaterialFunctions02/Math/Transform3x3Matrix.uexp" 817
"../../../Engine/Plugins/Interchange/Runtime/Content/gltf/MaterialFunctions/MF_RotateNormals_TS.uexp" 818
"../../../Engine/Plugins/Interchange/Runtime/Content/gltf/MaterialFunctions/MF_RotateNormals_TS.uasset" 819
"../../../Engine/Plugins/Interchange/Runtime/Content/gltf/Textures/T_Generic_N.uasset" 820
"../../../Engine/Plugins/Interchange/Runtime/Content/gltf/Textures/T_Generic_N.uexp" 821
"../../../Engine/Plugins/Interchange/Runtime/Content/gltf/MaterialFunctions/MF_Normals.uasset" 822
"../../../Engine/Plugins/Interchange/Runtime/Content/gltf/MaterialFunctions/MF_Normals.uexp" 823
"../../../Engine/Plugins/Interchange/Runtime/Content/gltf/MaterialFunctions/MF_PerceivedBrightness.uasset" 824
"../../../Engine/Plugins/Interchange/Runtime/Content/gltf/MaterialFunctions/MF_PerceivedBrightness.uexp" 825
"../../../Engine/Plugins/Interchange/Runtime/Content/gltf/MaterialFunctions/MF_SpecGlossToMetalRoughness.uasset" 826
"../../../Engine/Plugins/Interchange/Runtime/Content/gltf/MaterialFunctions/MF_SpecGlossToMetalRoughness.uexp" 827
"../../../Engine/Plugins/Interchange/Runtime/Content/gltf/M_Transmission.uasset" 828
"../../../Engine/Plugins/Interchange/Runtime/Content/gltf/M_Transmission.uexp" 829
"../../../Engine/Plugins/Interchange/Runtime/Content/gltf/MaterialInstances_MR/MI_Transmission.uexp" 830
"../../../Engine/Plugins/Interchange/Runtime/Content/gltf/MaterialInstances_MR/MI_Transmission.uasset" 831
"../../../Engine/Plugins/Interchange/Runtime/Content/gltf/MaterialFunctions/MF_Emissive.uexp" 832
"../../../Engine/Plugins/Interchange/Runtime/Content/gltf/MaterialFunctions/MF_Emissive.uasset" 833
"../../../Engine/Plugins/Interchange/Runtime/Content/gltf/MaterialFunctions/MF_Sheen.uasset" 834
"../../../Engine/Plugins/Interchange/Runtime/Content/gltf/MaterialFunctions/MF_Sheen.uexp" 835
"../../../Engine/Content/Functions/Engine_MaterialFunctions01/Shading/FuzzyShading.uexp" 836
"../../../Engine/Content/Functions/Engine_MaterialFunctions01/Shading/FuzzyShading.uasset" 837
"../../../Engine/Plugins/Interchange/Runtime/Content/gltf/M_Sheen.uasset" 838
"../../../Engine/Plugins/Interchange/Runtime/Content/gltf/M_Sheen.uexp" 839
"../../../Engine/Plugins/Interchange/Runtime/Content/gltf/MaterialInstances_MR/MI_Opaque_Sheen.uexp" 840
"../../../Engine/Plugins/Interchange/Runtime/Content/gltf/MaterialInstances_MR/MI_Opaque_Sheen.uasset" 841
"../../../Engine/Plugins/Interchange/Runtime/Content/gltf/MaterialFunctions/MF_Clearcoat.uexp" 842
"../../../Engine/Plugins/Interchange/Runtime/Content/gltf/MaterialFunctions/MF_Clearcoat.uasset" 843
"../../../Engine/Plugins/Interchange/Runtime/Content/gltf/M_Opaque.uasset" 844
"../../../Engine/Plugins/Interchange/Runtime/Content/gltf/M_Opaque.uexp" 845
"../../../Engine/Plugins/Interchange/Runtime/Content/gltf/MaterialInstances_MR/MI_Opaque_ClearCoat_TS.uasset" 846
"../../../Engine/Plugins/Interchange/Runtime/Content/gltf/MaterialInstances_MR/MI_Opaque_ClearCoat_TS.uexp" 847
"../../../Engine/Plugins/Interchange/Runtime/Content/gltf/MaterialInstances_MR/MI_Opaque_Sheen_TS.uasset" 848
"../../../Engine/Plugins/Interchange/Runtime/Content/gltf/MaterialInstances_MR/MI_Opaque_Sheen_TS.uexp" 849
"../../../Engine/Plugins/Interchange/Runtime/Content/gltf/M_Translucent.uasset" 850
"../../../Engine/Plugins/Interchange/Runtime/Content/gltf/M_Translucent.uexp" 851
"../../../Engine/Plugins/Interchange/Runtime/Content/gltf/MaterialInstances_MR/MI_Translucent_ClearCoat.uexp" 852
"../../../Engine/Plugins/Interchange/Runtime/Content/gltf/MaterialInstances_MR/MI_Translucent_ClearCoat.uasset" 853
"../../../Engine/Plugins/Interchange/Runtime/Content/gltf/MaterialInstances_MR/MI_Opaque_TS.uasset" 854
"../../../Engine/Plugins/Interchange/Runtime/Content/gltf/MaterialInstances_MR/MI_Opaque_TS.uexp" 855
"../../../Engine/Plugins/Interchange/Runtime/Content/gltf/M_Unlit.uasset" 856
"../../../Engine/Plugins/Interchange/Runtime/Content/gltf/M_Unlit.uexp" 857
"../../../Engine/Plugins/Interchange/Runtime/Content/gltf/MaterialInstances_MR/MI_Opaque_Unlit.uexp" 858
"../../../Engine/Plugins/Interchange/Runtime/Content/gltf/MaterialInstances_MR/MI_Opaque_Unlit.uasset" 859
"../../../Engine/Plugins/Interchange/Runtime/Content/gltf/MaterialInstances_MR/MI_Opaque_Unlit_TS.uasset" 860
"../../../Engine/Plugins/Interchange/Runtime/Content/gltf/MaterialInstances_MR/MI_Opaque_Unlit_TS.uexp" 861
"../../../Engine/Plugins/Interchange/Runtime/Content/gltf/MaterialInstances_MR/MI_Translucent_ClearCoat_TS.uasset" 862
"../../../Engine/Plugins/Interchange/Runtime/Content/gltf/MaterialInstances_MR/MI_Translucent_ClearCoat_TS.uexp" 863
"../../../Engine/Plugins/Interchange/Runtime/Content/gltf/MaterialInstances_MR/MI_Transmission_TS.uexp" 864
"../../../Engine/Plugins/Interchange/Runtime/Content/gltf/MaterialInstances_MR/MI_Transmission_TS.uasset" 865
"../../../Engine/Plugins/Interchange/Runtime/Content/gltf/MaterialInstances_MR/MI_Opaque.uexp" 866
"../../../Engine/Plugins/Interchange/Runtime/Content/gltf/MaterialInstances_MR/MI_Opaque.uasset" 867
"../../../Engine/Plugins/Interchange/Runtime/Content/gltf/MaterialInstances_MR/MI_Opaque_ClearCoat.uexp" 868
"../../../Engine/Plugins/Interchange/Runtime/Content/gltf/MaterialInstances_MR/MI_Opaque_ClearCoat.uasset" 869
"../../../Engine/Plugins/Interchange/Runtime/Content/gltf/MaterialInstances_MR/MI_Translucent_TS.uasset" 870
"../../../Engine/Plugins/Interchange/Runtime/Content/gltf/MaterialInstances_MR/MI_Translucent_TS.uexp" 871
"../../../Engine/Plugins/Interchange/Runtime/Content/gltf/MaterialInstances_MR/MI_Translucent.uexp" 872
"../../../Engine/Plugins/Interchange/Runtime/Content/gltf/MaterialInstances_MR/MI_Translucent.uasset" 873
"../../../Engine/Plugins/Interchange/Runtime/Content/gltf/MaterialInstances_SG/MI_Transmission.uexp" 874
"../../../Engine/Plugins/Interchange/Runtime/Content/gltf/MaterialInstances_SG/MI_Transmission.uasset" 875
"../../../Engine/Plugins/Interchange/Runtime/Content/gltf/MaterialInstances_SG/MI_Opaque_Sheen.uexp" 876
"../../../Engine/Plugins/Interchange/Runtime/Content/gltf/MaterialInstances_SG/MI_Opaque_Sheen.uasset" 877
"../../../Engine/Plugins/Interchange/Runtime/Content/gltf/MaterialInstances_SG/MI_Opaque_ClearCoat_TS.uasset" 878
"../../../Engine/Plugins/Interchange/Runtime/Content/gltf/MaterialInstances_SG/MI_Opaque_ClearCoat_TS.uexp" 879
"../../../Engine/Plugins/Interchange/Runtime/Content/gltf/MaterialInstances_SG/MI_Opaque_Sheen_TS.uasset" 880
"../../../Engine/Plugins/Interchange/Runtime/Content/gltf/MaterialInstances_SG/MI_Opaque_Sheen_TS.uexp" 881
"../../../Engine/Plugins/Interchange/Runtime/Content/gltf/MaterialInstances_SG/MI_Translucent_ClearCoat.uexp" 882
"../../../Engine/Plugins/Interchange/Runtime/Content/gltf/MaterialInstances_SG/MI_Translucent_ClearCoat.uasset" 883
"../../../Engine/Plugins/Interchange/Runtime/Content/gltf/MaterialInstances_SG/MI_Opaque_TS.uasset" 884
"../../../Engine/Plugins/Interchange/Runtime/Content/gltf/MaterialInstances_SG/MI_Opaque_TS.uexp" 885
"../../../Engine/Plugins/Interchange/Runtime/Content/gltf/MaterialInstances_SG/MI_Translucent_ClearCoat_TS.uasset" 886
"../../../Engine/Plugins/Interchange/Runtime/Content/gltf/MaterialInstances_SG/MI_Translucent_ClearCoat_TS.uexp" 887
"../../../Engine/Plugins/Interchange/Runtime/Content/gltf/MaterialInstances_SG/MI_Transmission_TS.uexp" 888
"../../../Engine/Plugins/Interchange/Runtime/Content/gltf/MaterialInstances_SG/MI_Transmission_TS.uasset" 889
"../../../Engine/Plugins/Interchange/Runtime/Content/gltf/MaterialInstances_SG/MI_Opaque.uexp" 890
"../../../Engine/Plugins/Interchange/Runtime/Content/gltf/MaterialInstances_SG/MI_Opaque.uasset" 891
"../../../Engine/Plugins/Interchange/Runtime/Content/gltf/MaterialInstances_SG/MI_Opaque_ClearCoat.uexp" 892
"../../../Engine/Plugins/Interchange/Runtime/Content/gltf/MaterialInstances_SG/MI_Opaque_ClearCoat.uasset" 893
"../../../Engine/Plugins/Interchange/Runtime/Content/gltf/MaterialInstances_SG/MI_Translucent_TS.uasset" 894
"../../../Engine/Plugins/Interchange/Runtime/Content/gltf/MaterialInstances_SG/MI_Translucent_TS.uexp" 895
"../../../Engine/Plugins/Interchange/Runtime/Content/gltf/MaterialInstances_SG/MI_Translucent.uexp" 896
"../../../Engine/Plugins/Interchange/Runtime/Content/gltf/MaterialInstances_SG/MI_Translucent.uasset" 897
"../../../Engine/Content/Maps/Entry_BuiltData.uexp" 898
"../../../Engine/Content/Maps/Entry_BuiltData.uasset" 899
"../../../Engine/Content/Maps/Entry.umap" 900
"../../../Engine/Content/Maps/Entry.uexp" 901
"/Users/eliaselliot/Coding/ios_Sidescroller/Unreal/FroggyAdventures/Content/Assets/Terrain/terrain_2.uexp" 902
"/Users/eliaselliot/Coding/ios_Sidescroller/Unreal/FroggyAdventures/Content/Assets/Terrain/terrain_2.uasset" 903
"/Users/eliaselliot/Coding/ios_Sidescroller/Unreal/FroggyAdventures/Content/Assets/Terrain/terrain_2_TileSet.uexp" 904
"/Users/eliaselliot/Coding/ios_Sidescroller/Unreal/FroggyAdventures/Content/Assets/Terrain/terrain_2_TileSet.uasset" 905
"/Users/eliaselliot/Coding/ios_Sidescroller/Unreal/FroggyAdventures/Content/Assets/Terrain/TileMaps/TM_1_1.uexp" 906
"/Users/eliaselliot/Coding/ios_Sidescroller/Unreal/FroggyAdventures/Content/Assets/Terrain/TileMaps/TM_1_1.uasset" 907
"/Users/eliaselliot/Coding/ios_Sidescroller/Unreal/FroggyAdventures/Content/Assets/Music/Grassland_-_4_18_23__10_24.ubulk" 908
"/Users/eliaselliot/Coding/ios_Sidescroller/Unreal/FroggyAdventures/Content/Assets/Music/Grassland_-_4_18_23__10_24.uexp" 909
"/Users/eliaselliot/Coding/ios_Sidescroller/Unreal/FroggyAdventures/Content/Assets/Music/Grassland_-_4_18_23__10_24.uasset" 910
"/Users/eliaselliot/Coding/ios_Sidescroller/Unreal/FroggyAdventures/Content/Assets/Music/SC_Grassland.uexp" 911
"/Users/eliaselliot/Coding/ios_Sidescroller/Unreal/FroggyAdventures/Content/Assets/Music/SC_Grassland.uasset" 912
"/Users/eliaselliot/Coding/ios_Sidescroller/Unreal/FroggyAdventures/Content/Assets/Backgrounds/Sky.uexp" 913
"/Users/eliaselliot/Coding/ios_Sidescroller/Unreal/FroggyAdventures/Content/Assets/Backgrounds/Sky.uasset" 914
"/Users/eliaselliot/Coding/ios_Sidescroller/Unreal/FroggyAdventures/Content/Assets/Backgrounds/Sky_TileSet.uasset" 915
"/Users/eliaselliot/Coding/ios_Sidescroller/Unreal/FroggyAdventures/Content/Assets/Backgrounds/Sky_TileSet.uexp" 916
"/Users/eliaselliot/Coding/ios_Sidescroller/Unreal/FroggyAdventures/Content/Assets/Backgrounds/TM_Background.uasset" 917
"/Users/eliaselliot/Coding/ios_Sidescroller/Unreal/FroggyAdventures/Content/Assets/Backgrounds/TM_Background.uexp" 918
"/Users/eliaselliot/Coding/ios_Sidescroller/Unreal/FroggyAdventures/Content/Assets/Enemies/hornworm/hornworm.uasset" 919
"/Users/eliaselliot/Coding/ios_Sidescroller/Unreal/FroggyAdventures/Content/Assets/Enemies/hornworm/hornworm.uexp" 920
"/Users/eliaselliot/Coding/ios_Sidescroller/Unreal/FroggyAdventures/Content/Assets/Enemies/hornworm/hornworm_Sprite_0.uasset" 921
"/Users/eliaselliot/Coding/ios_Sidescroller/Unreal/FroggyAdventures/Content/Assets/Enemies/hornworm/hornworm_Sprite_0.uexp" 922
"/Users/eliaselliot/Coding/ios_Sidescroller/Unreal/FroggyAdventures/Content/Assets/Enemies/hornworm/hornworm_Sprite_1.uasset" 923
"/Users/eliaselliot/Coding/ios_Sidescroller/Unreal/FroggyAdventures/Content/Assets/Enemies/hornworm/hornworm_Sprite_1.uexp" 924
"/Users/eliaselliot/Coding/ios_Sidescroller/Unreal/FroggyAdventures/Content/Assets/Enemies/hornworm/hornworm_Sprite_2.uexp" 925
"/Users/eliaselliot/Coding/ios_Sidescroller/Unreal/FroggyAdventures/Content/Assets/Enemies/hornworm/hornworm_Sprite_2.uasset" 926
"/Users/eliaselliot/Coding/ios_Sidescroller/Unreal/FroggyAdventures/Content/Assets/Enemies/hornworm/hornworm_book.uexp" 927
"/Users/eliaselliot/Coding/ios_Sidescroller/Unreal/FroggyAdventures/Content/Assets/Enemies/hornworm/hornworm_book.uasset" 928
"/Users/eliaselliot/Coding/ios_Sidescroller/Unreal/FroggyAdventures/Content/blueprints/Enemies/BP_Hornworm.uasset" 929
"/Users/eliaselliot/Coding/ios_Sidescroller/Unreal/FroggyAdventures/Content/blueprints/Enemies/BP_Hornworm.uexp" 930
"/Users/eliaselliot/Coding/ios_Sidescroller/Unreal/FroggyAdventures/Content/Assets/SFX/Coin.uasset" 931
"/Users/eliaselliot/Coding/ios_Sidescroller/Unreal/FroggyAdventures/Content/Assets/SFX/Coin.uexp" 932
"/Users/eliaselliot/Coding/ios_Sidescroller/Unreal/FroggyAdventures/Content/Assets/SFX/Coin.ubulk" 933
"/Users/eliaselliot/Coding/ios_Sidescroller/Unreal/FroggyAdventures/Content/Assets/Items/Coin/Coin_Sprite_Sheet.uexp" 934
"/Users/eliaselliot/Coding/ios_Sidescroller/Unreal/FroggyAdventures/Content/Assets/Items/Coin/Coin_Sprite_Sheet.uasset" 935
"/Users/eliaselliot/Coding/ios_Sidescroller/Unreal/FroggyAdventures/Content/Assets/Items/Coin/Coin_Sprite_Sheet_Sprite_0.uexp" 936
"/Users/eliaselliot/Coding/ios_Sidescroller/Unreal/FroggyAdventures/Content/Assets/Items/Coin/Coin_Sprite_Sheet_Sprite_0.uasset" 937
"/Users/eliaselliot/Coding/ios_Sidescroller/Unreal/FroggyAdventures/Content/Assets/Items/Coin/Coin_Sprite_Sheet_Sprite_1.uasset" 938
"/Users/eliaselliot/Coding/ios_Sidescroller/Unreal/FroggyAdventures/Content/Assets/Items/Coin/Coin_Sprite_Sheet_Sprite_1.uexp" 939
"/Users/eliaselliot/Coding/ios_Sidescroller/Unreal/FroggyAdventures/Content/Assets/Items/Coin/Coin_Sprite_Sheet_Sprite_2.uasset" 940
"/Users/eliaselliot/Coding/ios_Sidescroller/Unreal/FroggyAdventures/Content/Assets/Items/Coin/Coin_Sprite_Sheet_Sprite_2.uexp" 941
"/Users/eliaselliot/Coding/ios_Sidescroller/Unreal/FroggyAdventures/Content/Assets/Items/Coin/Coin_Sprite_Sheet_Sprite_3.uasset" 942
"/Users/eliaselliot/Coding/ios_Sidescroller/Unreal/FroggyAdventures/Content/Assets/Items/Coin/Coin_Sprite_Sheet_Sprite_3.uexp" 943
"/Users/eliaselliot/Coding/ios_Sidescroller/Unreal/FroggyAdventures/Content/Assets/Items/Coin/FB_Coin.uasset" 944
"/Users/eliaselliot/Coding/ios_Sidescroller/Unreal/FroggyAdventures/Content/Assets/Items/Coin/FB_Coin.uexp" 945
"/Users/eliaselliot/Coding/ios_Sidescroller/Unreal/FroggyAdventures/Content/blueprints/MasterActor.uexp" 946
"/Users/eliaselliot/Coding/ios_Sidescroller/Unreal/FroggyAdventures/Content/blueprints/MasterActor.uasset" 947
"/Users/eliaselliot/Coding/ios_Sidescroller/Unreal/FroggyAdventures/Content/blueprints/Items/Coin.uexp" 948
"/Users/eliaselliot/Coding/ios_Sidescroller/Unreal/FroggyAdventures/Content/blueprints/Items/Coin.uasset" 949
"/Users/eliaselliot/Coding/ios_Sidescroller/Unreal/FroggyAdventures/Content/Maps/1_1_level.uexp" 950
"/Users/eliaselliot/Coding/ios_Sidescroller/Unreal/FroggyAdventures/Content/Maps/1_1_level.umap" 951
